#
# A fatal error has been detected by the Java Runtime Environment:
#
#  Internal Error (./open/src/hotspot/share/oops/generateOopMap.cpp:2164), pid=13868, tid=6364
#  fatal error: Illegal class file encountered. Try running with -Xverify:all in method testListsAllStudents
#
# JRE version: Java(TM) SE Runtime Environment 18.9 (11.0.15+8) (build 11.0.15+8-LTS-149)
# Java VM: Java HotSpot(TM) 64-Bit Server VM 18.9 (11.0.15+8-LTS-149, mixed mode, tiered, compressed oops, g1 gc, windows-amd64)
# No core dump will be written. Minidumps are not enabled by default on client versions of Windows
#
# If you would like to submit a bug report, please visit:
#   https://bugreport.java.com/bugreport/crash.jsp
#

---------------  S U M M A R Y ------------

Command Line: -agentlib:jdwp=transport=dt_socket,suspend=y,address=localhost:57904 -ea -javaagent:C:\SpringTollSuite\configuration\org.eclipse.osgi\252\0\.cp\lib\javaagent-shaded.jar -Dfile.encoding=UTF-8 org.eclipse.jdt.internal.junit.runner.RemoteTestRunner -version 3 -port 57903 -testLoaderClass org.eclipse.jdt.internal.junit5.runner.JUnit5TestLoader -loaderpluginname org.eclipse.jdt.junit5.runtime -test com.management.gym.controller.StudentControllerTest:testListsAllStudents

Host: Intel(R) Pentium(R) CPU G4560 @ 3.50GHz, 4 cores, 11G,  Windows 10 , 64 bit Build 19041 (10.0.19041.1889)
Time: Thu Aug 18 16:22:23 2022 Hora oficial do Brasil elapsed time: 2209.219974 seconds (0d 0h 36m 49s)

---------------  T H R E A D  ---------------

Current thread (0x0000023ab5526000):  VMThread "VM Thread" [stack: 0x0000006ab9500000,0x0000006ab9600000] [id=6364]

Stack: [0x0000006ab9500000,0x0000006ab9600000]
[error occurred during error reporting (printing stack bounds), id 0xc0000005, EXCEPTION_ACCESS_VIOLATION (0xc0000005) at pc=0x0000023a9ce60f3d]

Native frames: (J=compiled Java code, j=interpreted, Vv=VM code, C=native code)
V  [jvm.dll+0x629d8a]
V  [jvm.dll+0x7638ff]
V  [jvm.dll+0x764fa9]
V  [jvm.dll+0x765595]
V  [jvm.dll+0x76554b]
V  [jvm.dll+0x629273]
V  [jvm.dll+0x629988]
C  [ntdll.dll+0xa229f]
C  [ntdll.dll+0x51454]
C  [ntdll.dll+0xa0dce]
C  0x0000023a9ce60f3d

VM_Operation (0x0000006aba0ff6d0): GetOrSetLocal, mode: safepoint, requested by thread 0x0000023ab60c6800


---------------  P R O C E S S  ---------------

Threads class SMR info:
_java_thread_list=0x0000023ab7940530, length=14, elements={
0x0000023a957bf800, 0x0000023ab5d34800, 0x0000023ab5d35000, 0x0000023ab5dad800,
0x0000023ab5daf000, 0x0000023ab5db8000, 0x0000023ab5dbd000, 0x0000023ab552e000,
0x0000023ab5dc8000, 0x0000023ab5dca000, 0x0000023ab60c6800, 0x0000023ab60b5800,
0x0000023ab60b6800, 0x0000023ab5dcb000
}

Java Threads: ( => current thread )
  0x0000023a957bf800 JavaThread "main" [_thread_blocked, id=13264, stack(0x0000006ab8f00000,0x0000006ab9000000)]
  0x0000023ab5d34800 JavaThread "Reference Handler" daemon [_thread_blocked, id=740, stack(0x0000006ab9600000,0x0000006ab9700000)]
  0x0000023ab5d35000 JavaThread "Finalizer" daemon [_thread_blocked, id=12844, stack(0x0000006ab9700000,0x0000006ab9800000)]
  0x0000023ab5dad800 JavaThread "Signal Dispatcher" daemon [_thread_blocked, id=3692, stack(0x0000006ab9800000,0x0000006ab9900000)]
  0x0000023ab5daf000 JavaThread "Attach Listener" daemon [_thread_blocked, id=1908, stack(0x0000006ab9900000,0x0000006ab9a00000)]
  0x0000023ab5db8000 JavaThread "Service Thread" daemon [_thread_blocked, id=3668, stack(0x0000006ab9a00000,0x0000006ab9b00000)]
  0x0000023ab5dbd000 JavaThread "C2 CompilerThread0" daemon [_thread_blocked, id=13152, stack(0x0000006ab9b00000,0x0000006ab9c00000)]
  0x0000023ab552e000 JavaThread "C1 CompilerThread0" daemon [_thread_blocked, id=14304, stack(0x0000006ab9c00000,0x0000006ab9d00000)]
  0x0000023ab5dc8000 JavaThread "Sweeper thread" daemon [_thread_blocked, id=10744, stack(0x0000006ab9d00000,0x0000006ab9e00000)]
  0x0000023ab5dca000 JavaThread "Common-Cleaner" daemon [_thread_blocked, id=12072, stack(0x0000006ab9e00000,0x0000006ab9f00000)]
  0x0000023ab60c6800 JavaThread "JDWP Transport Listener: dt_socket" daemon [_thread_blocked, id=13272, stack(0x0000006aba000000,0x0000006aba100000)] _threads_hazard_ptr=0x0000023ab7940530
  0x0000023ab60b5800 JavaThread "JDWP Event Helper Thread" daemon [_thread_blocked, id=7552, stack(0x0000006aba100000,0x0000006aba200000)]
  0x0000023ab60b6800 JavaThread "JDWP Command Reader" daemon [_thread_blocked, id=8616, stack(0x0000006aba200000,0x0000006aba300000)]
  0x0000023ab5dcb000 JavaThread "ReaderThread" [_thread_in_native, id=13724, stack(0x0000006aba700000,0x0000006aba800000)]

Other Threads:
=>0x0000023ab5526000 VMThread "VM Thread" [stack: 0x0000006ab9500000,0x0000006ab9600000] [id=6364]
  0x0000023ab656b000 WatcherThread [stack: 0x0000006ab9f00000,0x0000006aba000000] [id=11116]
  0x0000023a957d6000 GCTaskThread "GC Thread#0" [stack: 0x0000006ab9000000,0x0000006ab9100000] [id=8124]
  0x0000023ab6899000 GCTaskThread "GC Thread#1" [stack: 0x0000006aba400000,0x0000006aba500000] [id=8232]
  0x0000023ab682d000 GCTaskThread "GC Thread#2" [stack: 0x0000006aba500000,0x0000006aba600000] [id=14100]
  0x0000023ab70ee800 GCTaskThread "GC Thread#3" [stack: 0x0000006aba600000,0x0000006aba700000] [id=14576]
  0x0000023a95820000 ConcurrentGCThread "G1 Main Marker" [stack: 0x0000006ab9100000,0x0000006ab9200000] [id=12892]
  0x0000023a95822000 ConcurrentGCThread "G1 Conc#0" [stack: 0x0000006ab9200000,0x0000006ab9300000] [id=6032]
  0x0000023ab5393800 ConcurrentGCThread "G1 Refine#0" [stack: 0x0000006ab9300000,0x0000006ab9400000] [id=14944]
  0x0000023ab5396000 ConcurrentGCThread "G1 Young RemSet Sampling" [stack: 0x0000006ab9400000,0x0000006ab9500000] [id=7224]

Threads with active compile tasks:

VM state:at safepoint (normal execution)

VM Mutex/Monitor currently owned by a thread:  ([mutex/lock_event])
[0x0000023a957bbff0] Threads_lock - owner thread: 0x0000023ab5526000

Heap address: 0x0000000740c00000, size: 3060 MB, Compressed Oops mode: Zero based, Oop shift amount: 3
Narrow klass base: 0x0000000800000000, Narrow klass shift: 0
Compressed class space size: 1073741824 Address: 0x0000000800000000

Heap:
 garbage-first heap   total 196608K, used 20079K [0x0000000740c00000, 0x0000000800000000)
  region size 1024K, 13 young (13312K), 3 survivors (3072K)
 Metaspace       used 21414K, capacity 22112K, committed 22448K, reserved 1069056K
  class space    used 2614K, capacity 2849K, committed 2944K, reserved 1048576K
Heap Regions: E=young(eden), S=young(survivor), O=old, HS=humongous(starts), HC=humongous(continues), CS=collection set, F=free, A=archive, TAMS=top-at-mark-start (previous, next)
|   0|0x0000000740c00000, 0x0000000740d00000, 0x0000000740d00000|100%|HS|  |TAMS 0x0000000740d00000, 0x0000000740c00000| Complete 
|   1|0x0000000740d00000, 0x0000000740e00000, 0x0000000740e00000|100%| O|  |TAMS 0x0000000740e00000, 0x0000000740d00000| Untracked 
|   2|0x0000000740e00000, 0x0000000740f00000, 0x0000000740f00000|100%| O|  |TAMS 0x0000000740f00000, 0x0000000740e00000| Untracked 
|   3|0x0000000740f00000, 0x0000000741000000, 0x0000000741000000|100%| O|  |TAMS 0x0000000741000000, 0x0000000740f00000| Untracked 
|   4|0x0000000741000000, 0x0000000741100000, 0x0000000741100000|100%| O|  |TAMS 0x0000000741100000, 0x0000000741000000| Untracked 
|   5|0x0000000741100000, 0x0000000741200000, 0x0000000741200000|100%| O|  |TAMS 0x0000000741200000, 0x0000000741100000| Untracked 
|   6|0x0000000741200000, 0x0000000741300000, 0x0000000741300000|100%| O|  |TAMS 0x0000000741300000, 0x0000000741200000| Untracked 
|   7|0x0000000741300000, 0x00000007413c9200, 0x0000000741400000| 78%| O|  |TAMS 0x00000007413c9200, 0x0000000741300000| Untracked 
|   8|0x0000000741400000, 0x0000000741400000, 0x0000000741500000|  0%| F|  |TAMS 0x0000000741400000, 0x0000000741400000| Untracked 
|   9|0x0000000741500000, 0x0000000741500000, 0x0000000741600000|  0%| F|  |TAMS 0x0000000741500000, 0x0000000741500000| Untracked 
|  10|0x0000000741600000, 0x0000000741600000, 0x0000000741700000|  0%| F|  |TAMS 0x0000000741600000, 0x0000000741600000| Untracked 
|  11|0x0000000741700000, 0x0000000741700000, 0x0000000741800000|  0%| F|  |TAMS 0x0000000741700000, 0x0000000741700000| Untracked 
|  12|0x0000000741800000, 0x0000000741800000, 0x0000000741900000|  0%| F|  |TAMS 0x0000000741800000, 0x0000000741800000| Untracked 
|  13|0x0000000741900000, 0x0000000741900000, 0x0000000741a00000|  0%| F|  |TAMS 0x0000000741900000, 0x0000000741900000| Untracked 
|  14|0x0000000741a00000, 0x0000000741a00000, 0x0000000741b00000|  0%| F|  |TAMS 0x0000000741a00000, 0x0000000741a00000| Untracked 
|  15|0x0000000741b00000, 0x0000000741b00000, 0x0000000741c00000|  0%| F|  |TAMS 0x0000000741b00000, 0x0000000741b00000| Untracked 
|  16|0x0000000741c00000, 0x0000000741c00000, 0x0000000741d00000|  0%| F|  |TAMS 0x0000000741c00000, 0x0000000741c00000| Untracked 
|  17|0x0000000741d00000, 0x0000000741d00000, 0x0000000741e00000|  0%| F|  |TAMS 0x0000000741d00000, 0x0000000741d00000| Untracked 
|  18|0x0000000741e00000, 0x0000000741e00000, 0x0000000741f00000|  0%| F|  |TAMS 0x0000000741e00000, 0x0000000741e00000| Untracked 
|  19|0x0000000741f00000, 0x0000000741f00000, 0x0000000742000000|  0%| F|  |TAMS 0x0000000741f00000, 0x0000000741f00000| Untracked 
|  20|0x0000000742000000, 0x0000000742000000, 0x0000000742100000|  0%| F|  |TAMS 0x0000000742000000, 0x0000000742000000| Untracked 
|  21|0x0000000742100000, 0x0000000742100000, 0x0000000742200000|  0%| F|  |TAMS 0x0000000742100000, 0x0000000742100000| Untracked 
|  22|0x0000000742200000, 0x0000000742200000, 0x0000000742300000|  0%| F|  |TAMS 0x0000000742200000, 0x0000000742200000| Untracked 
|  23|0x0000000742300000, 0x0000000742300000, 0x0000000742400000|  0%| F|  |TAMS 0x0000000742300000, 0x0000000742300000| Untracked 
|  24|0x0000000742400000, 0x0000000742400000, 0x0000000742500000|  0%| F|  |TAMS 0x0000000742400000, 0x0000000742400000| Untracked 
|  25|0x0000000742500000, 0x0000000742500000, 0x0000000742600000|  0%| F|  |TAMS 0x0000000742500000, 0x0000000742500000| Untracked 
|  26|0x0000000742600000, 0x0000000742600000, 0x0000000742700000|  0%| F|  |TAMS 0x0000000742600000, 0x0000000742600000| Untracked 
|  27|0x0000000742700000, 0x0000000742700000, 0x0000000742800000|  0%| F|  |TAMS 0x0000000742700000, 0x0000000742700000| Untracked 
|  28|0x0000000742800000, 0x0000000742800000, 0x0000000742900000|  0%| F|  |TAMS 0x0000000742800000, 0x0000000742800000| Untracked 
|  29|0x0000000742900000, 0x0000000742900000, 0x0000000742a00000|  0%| F|  |TAMS 0x0000000742900000, 0x0000000742900000| Untracked 
|  30|0x0000000742a00000, 0x0000000742a00000, 0x0000000742b00000|  0%| F|  |TAMS 0x0000000742a00000, 0x0000000742a00000| Untracked 
|  31|0x0000000742b00000, 0x0000000742b00000, 0x0000000742c00000|  0%| F|  |TAMS 0x0000000742b00000, 0x0000000742b00000| Untracked 
|  32|0x0000000742c00000, 0x0000000742c00000, 0x0000000742d00000|  0%| F|  |TAMS 0x0000000742c00000, 0x0000000742c00000| Untracked 
|  33|0x0000000742d00000, 0x0000000742d00000, 0x0000000742e00000|  0%| F|  |TAMS 0x0000000742d00000, 0x0000000742d00000| Untracked 
|  34|0x0000000742e00000, 0x0000000742e00000, 0x0000000742f00000|  0%| F|  |TAMS 0x0000000742e00000, 0x0000000742e00000| Untracked 
|  35|0x0000000742f00000, 0x0000000742f00000, 0x0000000743000000|  0%| F|  |TAMS 0x0000000742f00000, 0x0000000742f00000| Untracked 
|  36|0x0000000743000000, 0x0000000743000000, 0x0000000743100000|  0%| F|  |TAMS 0x0000000743000000, 0x0000000743000000| Untracked 
|  37|0x0000000743100000, 0x0000000743100000, 0x0000000743200000|  0%| F|  |TAMS 0x0000000743100000, 0x0000000743100000| Untracked 
|  38|0x0000000743200000, 0x0000000743200000, 0x0000000743300000|  0%| F|  |TAMS 0x0000000743200000, 0x0000000743200000| Untracked 
|  39|0x0000000743300000, 0x0000000743300000, 0x0000000743400000|  0%| F|  |TAMS 0x0000000743300000, 0x0000000743300000| Untracked 
|  40|0x0000000743400000, 0x0000000743400000, 0x0000000743500000|  0%| F|  |TAMS 0x0000000743400000, 0x0000000743400000| Untracked 
|  41|0x0000000743500000, 0x0000000743500000, 0x0000000743600000|  0%| F|  |TAMS 0x0000000743500000, 0x0000000743500000| Untracked 
|  42|0x0000000743600000, 0x0000000743600000, 0x0000000743700000|  0%| F|  |TAMS 0x0000000743600000, 0x0000000743600000| Untracked 
|  43|0x0000000743700000, 0x0000000743700000, 0x0000000743800000|  0%| F|  |TAMS 0x0000000743700000, 0x0000000743700000| Untracked 
|  44|0x0000000743800000, 0x0000000743800000, 0x0000000743900000|  0%| F|  |TAMS 0x0000000743800000, 0x0000000743800000| Untracked 
|  45|0x0000000743900000, 0x0000000743900000, 0x0000000743a00000|  0%| F|  |TAMS 0x0000000743900000, 0x0000000743900000| Untracked 
|  46|0x0000000743a00000, 0x0000000743a00000, 0x0000000743b00000|  0%| F|  |TAMS 0x0000000743a00000, 0x0000000743a00000| Untracked 
|  47|0x0000000743b00000, 0x0000000743b00000, 0x0000000743c00000|  0%| F|  |TAMS 0x0000000743b00000, 0x0000000743b00000| Untracked 
|  48|0x0000000743c00000, 0x0000000743c00000, 0x0000000743d00000|  0%| F|  |TAMS 0x0000000743c00000, 0x0000000743c00000| Untracked 
|  49|0x0000000743d00000, 0x0000000743d00000, 0x0000000743e00000|  0%| F|  |TAMS 0x0000000743d00000, 0x0000000743d00000| Untracked 
|  50|0x0000000743e00000, 0x0000000743e00000, 0x0000000743f00000|  0%| F|  |TAMS 0x0000000743e00000, 0x0000000743e00000| Untracked 
|  51|0x0000000743f00000, 0x0000000743f00000, 0x0000000744000000|  0%| F|  |TAMS 0x0000000743f00000, 0x0000000743f00000| Untracked 
|  52|0x0000000744000000, 0x0000000744000000, 0x0000000744100000|  0%| F|  |TAMS 0x0000000744000000, 0x0000000744000000| Untracked 
|  53|0x0000000744100000, 0x0000000744100000, 0x0000000744200000|  0%| F|  |TAMS 0x0000000744100000, 0x0000000744100000| Untracked 
|  54|0x0000000744200000, 0x0000000744200000, 0x0000000744300000|  0%| F|  |TAMS 0x0000000744200000, 0x0000000744200000| Untracked 
|  55|0x0000000744300000, 0x0000000744300000, 0x0000000744400000|  0%| F|  |TAMS 0x0000000744300000, 0x0000000744300000| Untracked 
|  56|0x0000000744400000, 0x0000000744400000, 0x0000000744500000|  0%| F|  |TAMS 0x0000000744400000, 0x0000000744400000| Untracked 
|  57|0x0000000744500000, 0x0000000744500000, 0x0000000744600000|  0%| F|  |TAMS 0x0000000744500000, 0x0000000744500000| Untracked 
|  58|0x0000000744600000, 0x0000000744600000, 0x0000000744700000|  0%| F|  |TAMS 0x0000000744600000, 0x0000000744600000| Untracked 
|  59|0x0000000744700000, 0x0000000744700000, 0x0000000744800000|  0%| F|  |TAMS 0x0000000744700000, 0x0000000744700000| Untracked 
|  60|0x0000000744800000, 0x0000000744800000, 0x0000000744900000|  0%| F|  |TAMS 0x0000000744800000, 0x0000000744800000| Untracked 
|  61|0x0000000744900000, 0x0000000744900000, 0x0000000744a00000|  0%| F|  |TAMS 0x0000000744900000, 0x0000000744900000| Untracked 
|  62|0x0000000744a00000, 0x0000000744a00000, 0x0000000744b00000|  0%| F|  |TAMS 0x0000000744a00000, 0x0000000744a00000| Untracked 
|  63|0x0000000744b00000, 0x0000000744b00000, 0x0000000744c00000|  0%| F|  |TAMS 0x0000000744b00000, 0x0000000744b00000| Untracked 
|  64|0x0000000744c00000, 0x0000000744c00000, 0x0000000744d00000|  0%| F|  |TAMS 0x0000000744c00000, 0x0000000744c00000| Untracked 
|  65|0x0000000744d00000, 0x0000000744d00000, 0x0000000744e00000|  0%| F|  |TAMS 0x0000000744d00000, 0x0000000744d00000| Untracked 
|  66|0x0000000744e00000, 0x0000000744e00000, 0x0000000744f00000|  0%| F|  |TAMS 0x0000000744e00000, 0x0000000744e00000| Untracked 
|  67|0x0000000744f00000, 0x0000000744f00000, 0x0000000745000000|  0%| F|  |TAMS 0x0000000744f00000, 0x0000000744f00000| Untracked 
|  68|0x0000000745000000, 0x0000000745000000, 0x0000000745100000|  0%| F|  |TAMS 0x0000000745000000, 0x0000000745000000| Untracked 
|  69|0x0000000745100000, 0x0000000745100000, 0x0000000745200000|  0%| F|  |TAMS 0x0000000745100000, 0x0000000745100000| Untracked 
|  70|0x0000000745200000, 0x0000000745200000, 0x0000000745300000|  0%| F|  |TAMS 0x0000000745200000, 0x0000000745200000| Untracked 
|  71|0x0000000745300000, 0x0000000745300000, 0x0000000745400000|  0%| F|  |TAMS 0x0000000745300000, 0x0000000745300000| Untracked 
|  72|0x0000000745400000, 0x0000000745400000, 0x0000000745500000|  0%| F|  |TAMS 0x0000000745400000, 0x0000000745400000| Untracked 
|  73|0x0000000745500000, 0x0000000745500000, 0x0000000745600000|  0%| F|  |TAMS 0x0000000745500000, 0x0000000745500000| Untracked 
|  74|0x0000000745600000, 0x0000000745600000, 0x0000000745700000|  0%| F|  |TAMS 0x0000000745600000, 0x0000000745600000| Untracked 
|  75|0x0000000745700000, 0x0000000745700000, 0x0000000745800000|  0%| F|  |TAMS 0x0000000745700000, 0x0000000745700000| Untracked 
|  76|0x0000000745800000, 0x0000000745800000, 0x0000000745900000|  0%| F|  |TAMS 0x0000000745800000, 0x0000000745800000| Untracked 
|  77|0x0000000745900000, 0x0000000745900000, 0x0000000745a00000|  0%| F|  |TAMS 0x0000000745900000, 0x0000000745900000| Untracked 
|  78|0x0000000745a00000, 0x0000000745a00000, 0x0000000745b00000|  0%| F|  |TAMS 0x0000000745a00000, 0x0000000745a00000| Untracked 
|  79|0x0000000745b00000, 0x0000000745b00000, 0x0000000745c00000|  0%| F|  |TAMS 0x0000000745b00000, 0x0000000745b00000| Untracked 
|  80|0x0000000745c00000, 0x0000000745c00000, 0x0000000745d00000|  0%| F|  |TAMS 0x0000000745c00000, 0x0000000745c00000| Untracked 
|  81|0x0000000745d00000, 0x0000000745d00000, 0x0000000745e00000|  0%| F|  |TAMS 0x0000000745d00000, 0x0000000745d00000| Untracked 
|  82|0x0000000745e00000, 0x0000000745e00000, 0x0000000745f00000|  0%| F|  |TAMS 0x0000000745e00000, 0x0000000745e00000| Untracked 
|  83|0x0000000745f00000, 0x0000000745f00000, 0x0000000746000000|  0%| F|  |TAMS 0x0000000745f00000, 0x0000000745f00000| Untracked 
|  84|0x0000000746000000, 0x0000000746000000, 0x0000000746100000|  0%| F|  |TAMS 0x0000000746000000, 0x0000000746000000| Untracked 
|  85|0x0000000746100000, 0x0000000746100000, 0x0000000746200000|  0%| F|  |TAMS 0x0000000746100000, 0x0000000746100000| Untracked 
|  86|0x0000000746200000, 0x0000000746200000, 0x0000000746300000|  0%| F|  |TAMS 0x0000000746200000, 0x0000000746200000| Untracked 
|  87|0x0000000746300000, 0x0000000746300000, 0x0000000746400000|  0%| F|  |TAMS 0x0000000746300000, 0x0000000746300000| Untracked 
|  88|0x0000000746400000, 0x0000000746400000, 0x0000000746500000|  0%| F|  |TAMS 0x0000000746400000, 0x0000000746400000| Untracked 
|  89|0x0000000746500000, 0x0000000746500000, 0x0000000746600000|  0%| F|  |TAMS 0x0000000746500000, 0x0000000746500000| Untracked 
|  90|0x0000000746600000, 0x0000000746600000, 0x0000000746700000|  0%| F|  |TAMS 0x0000000746600000, 0x0000000746600000| Untracked 
|  91|0x0000000746700000, 0x0000000746700000, 0x0000000746800000|  0%| F|  |TAMS 0x0000000746700000, 0x0000000746700000| Untracked 
|  92|0x0000000746800000, 0x0000000746800000, 0x0000000746900000|  0%| F|  |TAMS 0x0000000746800000, 0x0000000746800000| Untracked 
|  93|0x0000000746900000, 0x0000000746900000, 0x0000000746a00000|  0%| F|  |TAMS 0x0000000746900000, 0x0000000746900000| Untracked 
|  94|0x0000000746a00000, 0x0000000746a00000, 0x0000000746b00000|  0%| F|  |TAMS 0x0000000746a00000, 0x0000000746a00000| Untracked 
|  95|0x0000000746b00000, 0x0000000746b00000, 0x0000000746c00000|  0%| F|  |TAMS 0x0000000746b00000, 0x0000000746b00000| Untracked 
|  96|0x0000000746c00000, 0x0000000746c00000, 0x0000000746d00000|  0%| F|  |TAMS 0x0000000746c00000, 0x0000000746c00000| Untracked 
|  97|0x0000000746d00000, 0x0000000746d00000, 0x0000000746e00000|  0%| F|  |TAMS 0x0000000746d00000, 0x0000000746d00000| Untracked 
|  98|0x0000000746e00000, 0x0000000746e00000, 0x0000000746f00000|  0%| F|  |TAMS 0x0000000746e00000, 0x0000000746e00000| Untracked 
|  99|0x0000000746f00000, 0x0000000746f00000, 0x0000000747000000|  0%| F|  |TAMS 0x0000000746f00000, 0x0000000746f00000| Untracked 
| 100|0x0000000747000000, 0x0000000747000000, 0x0000000747100000|  0%| F|  |TAMS 0x0000000747000000, 0x0000000747000000| Untracked 
| 101|0x0000000747100000, 0x0000000747100000, 0x0000000747200000|  0%| F|  |TAMS 0x0000000747100000, 0x0000000747100000| Untracked 
| 102|0x0000000747200000, 0x0000000747200000, 0x0000000747300000|  0%| F|  |TAMS 0x0000000747200000, 0x0000000747200000| Untracked 
| 103|0x0000000747300000, 0x0000000747300000, 0x0000000747400000|  0%| F|  |TAMS 0x0000000747300000, 0x0000000747300000| Untracked 
| 104|0x0000000747400000, 0x0000000747400000, 0x0000000747500000|  0%| F|  |TAMS 0x0000000747400000, 0x0000000747400000| Untracked 
| 105|0x0000000747500000, 0x0000000747500000, 0x0000000747600000|  0%| F|  |TAMS 0x0000000747500000, 0x0000000747500000| Untracked 
| 106|0x0000000747600000, 0x0000000747600000, 0x0000000747700000|  0%| F|  |TAMS 0x0000000747600000, 0x0000000747600000| Untracked 
| 107|0x0000000747700000, 0x0000000747700000, 0x0000000747800000|  0%| F|  |TAMS 0x0000000747700000, 0x0000000747700000| Untracked 
| 108|0x0000000747800000, 0x0000000747800000, 0x0000000747900000|  0%| F|  |TAMS 0x0000000747800000, 0x0000000747800000| Untracked 
| 109|0x0000000747900000, 0x0000000747900000, 0x0000000747a00000|  0%| F|  |TAMS 0x0000000747900000, 0x0000000747900000| Untracked 
| 110|0x0000000747a00000, 0x0000000747a00000, 0x0000000747b00000|  0%| F|  |TAMS 0x0000000747a00000, 0x0000000747a00000| Untracked 
| 111|0x0000000747b00000, 0x0000000747b00000, 0x0000000747c00000|  0%| F|  |TAMS 0x0000000747b00000, 0x0000000747b00000| Untracked 
| 112|0x0000000747c00000, 0x0000000747c00000, 0x0000000747d00000|  0%| F|  |TAMS 0x0000000747c00000, 0x0000000747c00000| Untracked 
| 113|0x0000000747d00000, 0x0000000747d00000, 0x0000000747e00000|  0%| F|  |TAMS 0x0000000747d00000, 0x0000000747d00000| Untracked 
| 114|0x0000000747e00000, 0x0000000747e00000, 0x0000000747f00000|  0%| F|  |TAMS 0x0000000747e00000, 0x0000000747e00000| Untracked 
| 115|0x0000000747f00000, 0x0000000747f00000, 0x0000000748000000|  0%| F|  |TAMS 0x0000000747f00000, 0x0000000747f00000| Untracked 
| 116|0x0000000748000000, 0x0000000748000000, 0x0000000748100000|  0%| F|  |TAMS 0x0000000748000000, 0x0000000748000000| Untracked 
| 117|0x0000000748100000, 0x0000000748100000, 0x0000000748200000|  0%| F|  |TAMS 0x0000000748100000, 0x0000000748100000| Untracked 
| 118|0x0000000748200000, 0x0000000748200000, 0x0000000748300000|  0%| F|  |TAMS 0x0000000748200000, 0x0000000748200000| Untracked 
| 119|0x0000000748300000, 0x0000000748300000, 0x0000000748400000|  0%| F|  |TAMS 0x0000000748300000, 0x0000000748300000| Untracked 
| 120|0x0000000748400000, 0x0000000748400000, 0x0000000748500000|  0%| F|  |TAMS 0x0000000748400000, 0x0000000748400000| Untracked 
| 121|0x0000000748500000, 0x0000000748500000, 0x0000000748600000|  0%| F|  |TAMS 0x0000000748500000, 0x0000000748500000| Untracked 
| 122|0x0000000748600000, 0x0000000748600000, 0x0000000748700000|  0%| F|  |TAMS 0x0000000748600000, 0x0000000748600000| Untracked 
| 123|0x0000000748700000, 0x0000000748700000, 0x0000000748800000|  0%| F|  |TAMS 0x0000000748700000, 0x0000000748700000| Untracked 
| 124|0x0000000748800000, 0x0000000748800000, 0x0000000748900000|  0%| F|  |TAMS 0x0000000748800000, 0x0000000748800000| Untracked 
| 125|0x0000000748900000, 0x0000000748900000, 0x0000000748a00000|  0%| F|  |TAMS 0x0000000748900000, 0x0000000748900000| Untracked 
| 126|0x0000000748a00000, 0x0000000748a00000, 0x0000000748b00000|  0%| F|  |TAMS 0x0000000748a00000, 0x0000000748a00000| Untracked 
| 127|0x0000000748b00000, 0x0000000748b00000, 0x0000000748c00000|  0%| F|  |TAMS 0x0000000748b00000, 0x0000000748b00000| Untracked 
| 128|0x0000000748c00000, 0x0000000748c00000, 0x0000000748d00000|  0%| F|  |TAMS 0x0000000748c00000, 0x0000000748c00000| Untracked 
| 129|0x0000000748d00000, 0x0000000748d00000, 0x0000000748e00000|  0%| F|  |TAMS 0x0000000748d00000, 0x0000000748d00000| Untracked 
| 130|0x0000000748e00000, 0x0000000748e00000, 0x0000000748f00000|  0%| F|  |TAMS 0x0000000748e00000, 0x0000000748e00000| Untracked 
| 131|0x0000000748f00000, 0x0000000748f00000, 0x0000000749000000|  0%| F|  |TAMS 0x0000000748f00000, 0x0000000748f00000| Untracked 
| 132|0x0000000749000000, 0x0000000749000000, 0x0000000749100000|  0%| F|  |TAMS 0x0000000749000000, 0x0000000749000000| Untracked 
| 133|0x0000000749100000, 0x0000000749100000, 0x0000000749200000|  0%| F|  |TAMS 0x0000000749100000, 0x0000000749100000| Untracked 
| 134|0x0000000749200000, 0x0000000749200000, 0x0000000749300000|  0%| F|  |TAMS 0x0000000749200000, 0x0000000749200000| Untracked 
| 135|0x0000000749300000, 0x0000000749300000, 0x0000000749400000|  0%| F|  |TAMS 0x0000000749300000, 0x0000000749300000| Untracked 
| 136|0x0000000749400000, 0x0000000749400000, 0x0000000749500000|  0%| F|  |TAMS 0x0000000749400000, 0x0000000749400000| Untracked 
| 137|0x0000000749500000, 0x0000000749500000, 0x0000000749600000|  0%| F|  |TAMS 0x0000000749500000, 0x0000000749500000| Untracked 
| 138|0x0000000749600000, 0x0000000749600000, 0x0000000749700000|  0%| F|  |TAMS 0x0000000749600000, 0x0000000749600000| Untracked 
| 139|0x0000000749700000, 0x0000000749700000, 0x0000000749800000|  0%| F|  |TAMS 0x0000000749700000, 0x0000000749700000| Untracked 
| 140|0x0000000749800000, 0x0000000749800000, 0x0000000749900000|  0%| F|  |TAMS 0x0000000749800000, 0x0000000749800000| Untracked 
| 141|0x0000000749900000, 0x0000000749900000, 0x0000000749a00000|  0%| F|  |TAMS 0x0000000749900000, 0x0000000749900000| Untracked 
| 142|0x0000000749a00000, 0x0000000749a00000, 0x0000000749b00000|  0%| F|  |TAMS 0x0000000749a00000, 0x0000000749a00000| Untracked 
| 143|0x0000000749b00000, 0x0000000749b00000, 0x0000000749c00000|  0%| F|  |TAMS 0x0000000749b00000, 0x0000000749b00000| Untracked 
| 144|0x0000000749c00000, 0x0000000749c00000, 0x0000000749d00000|  0%| F|  |TAMS 0x0000000749c00000, 0x0000000749c00000| Untracked 
| 145|0x0000000749d00000, 0x0000000749d00000, 0x0000000749e00000|  0%| F|  |TAMS 0x0000000749d00000, 0x0000000749d00000| Untracked 
| 146|0x0000000749e00000, 0x0000000749e00000, 0x0000000749f00000|  0%| F|  |TAMS 0x0000000749e00000, 0x0000000749e00000| Untracked 
| 147|0x0000000749f00000, 0x0000000749f00000, 0x000000074a000000|  0%| F|  |TAMS 0x0000000749f00000, 0x0000000749f00000| Untracked 
| 148|0x000000074a000000, 0x000000074a000000, 0x000000074a100000|  0%| F|  |TAMS 0x000000074a000000, 0x000000074a000000| Untracked 
| 149|0x000000074a100000, 0x000000074a100000, 0x000000074a200000|  0%| F|  |TAMS 0x000000074a100000, 0x000000074a100000| Untracked 
| 150|0x000000074a200000, 0x000000074a2d2a28, 0x000000074a300000| 82%| S|CS|TAMS 0x000000074a200000, 0x000000074a200000| Complete 
| 151|0x000000074a300000, 0x000000074a400000, 0x000000074a400000|100%| S|CS|TAMS 0x000000074a300000, 0x000000074a300000| Complete 
| 152|0x000000074a400000, 0x000000074a500000, 0x000000074a500000|100%| S|CS|TAMS 0x000000074a400000, 0x000000074a400000| Complete 
| 153|0x000000074a500000, 0x000000074a500000, 0x000000074a600000|  0%| F|  |TAMS 0x000000074a500000, 0x000000074a500000| Untracked 
| 154|0x000000074a600000, 0x000000074a600000, 0x000000074a700000|  0%| F|  |TAMS 0x000000074a600000, 0x000000074a600000| Untracked 
| 155|0x000000074a700000, 0x000000074a700000, 0x000000074a800000|  0%| F|  |TAMS 0x000000074a700000, 0x000000074a700000| Untracked 
| 156|0x000000074a800000, 0x000000074a800000, 0x000000074a900000|  0%| F|  |TAMS 0x000000074a800000, 0x000000074a800000| Untracked 
| 157|0x000000074a900000, 0x000000074a900000, 0x000000074aa00000|  0%| F|  |TAMS 0x000000074a900000, 0x000000074a900000| Untracked 
| 158|0x000000074aa00000, 0x000000074aa00000, 0x000000074ab00000|  0%| F|  |TAMS 0x000000074aa00000, 0x000000074aa00000| Untracked 
| 159|0x000000074ab00000, 0x000000074ab00000, 0x000000074ac00000|  0%| F|  |TAMS 0x000000074ab00000, 0x000000074ab00000| Untracked 
| 160|0x000000074ac00000, 0x000000074ac00000, 0x000000074ad00000|  0%| F|  |TAMS 0x000000074ac00000, 0x000000074ac00000| Untracked 
| 161|0x000000074ad00000, 0x000000074ad00000, 0x000000074ae00000|  0%| F|  |TAMS 0x000000074ad00000, 0x000000074ad00000| Untracked 
| 162|0x000000074ae00000, 0x000000074ae00000, 0x000000074af00000|  0%| F|  |TAMS 0x000000074ae00000, 0x000000074ae00000| Untracked 
| 163|0x000000074af00000, 0x000000074af00000, 0x000000074b000000|  0%| F|  |TAMS 0x000000074af00000, 0x000000074af00000| Untracked 
| 164|0x000000074b000000, 0x000000074b000000, 0x000000074b100000|  0%| F|  |TAMS 0x000000074b000000, 0x000000074b000000| Untracked 
| 165|0x000000074b100000, 0x000000074b100000, 0x000000074b200000|  0%| F|  |TAMS 0x000000074b100000, 0x000000074b100000| Untracked 
| 166|0x000000074b200000, 0x000000074b200000, 0x000000074b300000|  0%| F|  |TAMS 0x000000074b200000, 0x000000074b200000| Untracked 
| 167|0x000000074b300000, 0x000000074b300000, 0x000000074b400000|  0%| F|  |TAMS 0x000000074b300000, 0x000000074b300000| Untracked 
| 168|0x000000074b400000, 0x000000074b400000, 0x000000074b500000|  0%| F|  |TAMS 0x000000074b400000, 0x000000074b400000| Untracked 
| 169|0x000000074b500000, 0x000000074b500000, 0x000000074b600000|  0%| F|  |TAMS 0x000000074b500000, 0x000000074b500000| Untracked 
| 170|0x000000074b600000, 0x000000074b600000, 0x000000074b700000|  0%| F|  |TAMS 0x000000074b600000, 0x000000074b600000| Untracked 
| 171|0x000000074b700000, 0x000000074b700000, 0x000000074b800000|  0%| F|  |TAMS 0x000000074b700000, 0x000000074b700000| Untracked 
| 172|0x000000074b800000, 0x000000074b800000, 0x000000074b900000|  0%| F|  |TAMS 0x000000074b800000, 0x000000074b800000| Untracked 
| 173|0x000000074b900000, 0x000000074b900000, 0x000000074ba00000|  0%| F|  |TAMS 0x000000074b900000, 0x000000074b900000| Untracked 
| 174|0x000000074ba00000, 0x000000074ba00000, 0x000000074bb00000|  0%| F|  |TAMS 0x000000074ba00000, 0x000000074ba00000| Untracked 
| 175|0x000000074bb00000, 0x000000074bb00000, 0x000000074bc00000|  0%| F|  |TAMS 0x000000074bb00000, 0x000000074bb00000| Untracked 
| 176|0x000000074bc00000, 0x000000074bc00000, 0x000000074bd00000|  0%| F|  |TAMS 0x000000074bc00000, 0x000000074bc00000| Untracked 
| 177|0x000000074bd00000, 0x000000074bd00000, 0x000000074be00000|  0%| F|  |TAMS 0x000000074bd00000, 0x000000074bd00000| Untracked 
| 178|0x000000074be00000, 0x000000074be00000, 0x000000074bf00000|  0%| F|  |TAMS 0x000000074be00000, 0x000000074be00000| Untracked 
| 179|0x000000074bf00000, 0x000000074bf00000, 0x000000074c000000|  0%| F|  |TAMS 0x000000074bf00000, 0x000000074bf00000| Untracked 
| 180|0x000000074c000000, 0x000000074c000000, 0x000000074c100000|  0%| F|  |TAMS 0x000000074c000000, 0x000000074c000000| Untracked 
| 181|0x000000074c100000, 0x000000074c100000, 0x000000074c200000|  0%| F|  |TAMS 0x000000074c100000, 0x000000074c100000| Untracked 
| 182|0x000000074c200000, 0x000000074c300000, 0x000000074c300000|100%| E|  |TAMS 0x000000074c200000, 0x000000074c200000| Complete 
| 183|0x000000074c300000, 0x000000074c400000, 0x000000074c400000|100%| E|CS|TAMS 0x000000074c300000, 0x000000074c300000| Complete 
| 184|0x000000074c400000, 0x000000074c500000, 0x000000074c500000|100%| E|CS|TAMS 0x000000074c400000, 0x000000074c400000| Complete 
| 185|0x000000074c500000, 0x000000074c600000, 0x000000074c600000|100%| E|CS|TAMS 0x000000074c500000, 0x000000074c500000| Complete 
| 186|0x000000074c600000, 0x000000074c700000, 0x000000074c700000|100%| E|CS|TAMS 0x000000074c600000, 0x000000074c600000| Complete 
| 187|0x000000074c700000, 0x000000074c800000, 0x000000074c800000|100%| E|CS|TAMS 0x000000074c700000, 0x000000074c700000| Complete 
| 188|0x000000074c800000, 0x000000074c900000, 0x000000074c900000|100%| E|CS|TAMS 0x000000074c800000, 0x000000074c800000| Complete 
| 189|0x000000074c900000, 0x000000074ca00000, 0x000000074ca00000|100%| E|CS|TAMS 0x000000074c900000, 0x000000074c900000| Complete 
| 190|0x000000074ca00000, 0x000000074cb00000, 0x000000074cb00000|100%| E|CS|TAMS 0x000000074ca00000, 0x000000074ca00000| Complete 
| 191|0x000000074cb00000, 0x000000074cc00000, 0x000000074cc00000|100%| E|CS|TAMS 0x000000074cb00000, 0x000000074cb00000| Complete 

Card table byte_map: [0x0000023aac460000,0x0000023aaca60000] _byte_map_base: 0x0000023aa8a5a000

Marking Bits (Prev, Next): (CMBitMap*) 0x0000023a958136a0, (CMBitMap*) 0x0000023a95813668
 Prev Bits: [0x0000023ab0030000, 0x0000023ab3000000)
 Next Bits: [0x0000023aad060000, 0x0000023ab0030000)

Polling page: 0x0000023a936b0000

Metaspace:

Usage:
  Non-class:     18.81 MB capacity,    18.36 MB ( 98%) used,   395.69 KB (  2%) free+waste,    67.13 KB ( <1%) overhead. 
      Class:      2.78 MB capacity,     2.55 MB ( 92%) used,   201.19 KB (  7%) free+waste,    33.31 KB (  1%) overhead. 
       Both:     21.59 MB capacity,    20.91 MB ( 97%) used,   596.88 KB (  3%) free+waste,   100.44 KB ( <1%) overhead. 

Virtual space:
  Non-class space:       20.00 MB reserved,      19.05 MB ( 95%) committed 
      Class space:        1.00 GB reserved,       2.88 MB ( <1%) committed 
             Both:        1.02 GB reserved,      21.92 MB (  2%) committed 

Chunk freelists:
   Non-Class:  128 bytes
       Class:  0 bytes
        Both:  128 bytes

CodeHeap 'non-profiled nmethods': size=120064Kb used=1324Kb max_used=1324Kb free=118739Kb
 bounds [0x0000023aa4920000, 0x0000023aa4b90000, 0x0000023aabe60000]
CodeHeap 'profiled nmethods': size=120000Kb used=5380Kb max_used=5380Kb free=114619Kb
 bounds [0x0000023a9d3f0000, 0x0000023a9d940000, 0x0000023aa4920000]
CodeHeap 'non-nmethods': size=5696Kb used=1190Kb max_used=1246Kb free=4505Kb
 bounds [0x0000023a9ce60000, 0x0000023a9d0d0000, 0x0000023a9d3f0000]
 total_blobs=3045 nmethods=2633 adapters=331
 compilation: enabled
              stopped_count=0, restarted_count=0
 full_count=0

Compilation events (10 events):
Event: 3.129 Thread 0x0000023ab552e000 nmethod 2631 0x0000023a9d92fc90 code [0x0000023a9d92fe40, 0x0000023a9d930138]
Event: 3.130 Thread 0x0000023ab552e000 2634       3       java.security.Provider$ServiceKey::hashCode (22 bytes)
Event: 3.130 Thread 0x0000023ab552e000 nmethod 2634 0x0000023a9d930210 code [0x0000023a9d9303e0, 0x0000023a9d930968]
Event: 3.131 Thread 0x0000023ab682e000 2635       4       java.util.concurrent.ConcurrentHashMap::get (162 bytes)
Event: 3.133 Thread 0x0000023ab552e000 2637       3       jdk.internal.org.objectweb.asm.AnnotationVisitor::<init> (35 bytes)
Event: 3.133 Thread 0x0000023ab552e000 nmethod 2637 0x0000023a9d930a90 code [0x0000023a9d930c60, 0x0000023a9d930f88]
Event: 3.136 Thread 0x0000023ab682e000 nmethod 2635 0x0000023aa4a5a590 code [0x0000023aa4a5a720, 0x0000023aa4a5aad8]
Event: 3.136 Thread 0x0000023ab682e000 2636       4       java.util.ArrayList$Itr::<init> (26 bytes)
Event: 3.138 Thread 0x0000023ab682e000 nmethod 2636 0x0000023aa4a5ad90 code [0x0000023aa4a5af00, 0x0000023aa4a5b0b8]
Event: 3.238 Thread 0x0000023ab5dbd000 nmethod 2605 0x0000023aa4a5b190 code [0x0000023aa4a5b9c0, 0x0000023aa4a66540]

GC Heap History (10 events):
Event: 0.828 GC heap before
{Heap before GC invocations=0 (full 0):
 garbage-first heap   total 196608K, used 14336K [0x0000000740c00000, 0x0000000800000000)
  region size 1024K, 14 young (14336K), 0 survivors (0K)
 Metaspace       used 9031K, capacity 9153K, committed 9344K, reserved 1058816K
  class space    used 784K, capacity 835K, committed 896K, reserved 1048576K
}
Event: 0.835 GC heap after
{Heap after GC invocations=1 (full 0):
 garbage-first heap   total 196608K, used 8038K [0x0000000740c00000, 0x0000000800000000)
  region size 1024K, 2 young (2048K), 2 survivors (2048K)
 Metaspace       used 9031K, capacity 9153K, committed 9344K, reserved 1058816K
  class space    used 784K, capacity 835K, committed 896K, reserved 1048576K
}
Event: 0.989 GC heap before
{Heap before GC invocations=1 (full 0):
 garbage-first heap   total 196608K, used 16230K [0x0000000740c00000, 0x0000000800000000)
  region size 1024K, 10 young (10240K), 2 survivors (2048K)
 Metaspace       used 10645K, capacity 10800K, committed 11008K, reserved 1058816K
  class space    used 961K, capacity 1003K, committed 1024K, reserved 1048576K
}
Event: 0.991 GC heap after
{Heap after GC invocations=2 (full 0):
 garbage-first heap   total 196608K, used 8305K [0x0000000740c00000, 0x0000000800000000)
  region size 1024K, 1 young (1024K), 1 survivors (1024K)
 Metaspace       used 10645K, capacity 10800K, committed 11008K, reserved 1058816K
  class space    used 961K, capacity 1003K, committed 1024K, reserved 1048576K
}
Event: 1.419 GC heap before
{Heap before GC invocations=2 (full 0):
 garbage-first heap   total 196608K, used 31857K [0x0000000740c00000, 0x0000000800000000)
  region size 1024K, 25 young (25600K), 1 survivors (1024K)
 Metaspace       used 13484K, capacity 13887K, committed 14080K, reserved 1062912K
  class space    used 1333K, capacity 1463K, committed 1536K, reserved 1048576K
}
Event: 1.422 GC heap after
{Heap after GC invocations=3 (full 0):
 garbage-first heap   total 196608K, used 8942K [0x0000000740c00000, 0x0000000800000000)
  region size 1024K, 1 young (1024K), 1 survivors (1024K)
 Metaspace       used 13484K, capacity 13887K, committed 14080K, reserved 1062912K
  class space    used 1333K, capacity 1463K, committed 1536K, reserved 1048576K
}
Event: 2.199 GC heap before
{Heap before GC invocations=3 (full 0):
 garbage-first heap   total 196608K, used 56046K [0x0000000740c00000, 0x0000000800000000)
  region size 1024K, 47 young (48128K), 1 survivors (1024K)
 Metaspace       used 17703K, capacity 18325K, committed 18432K, reserved 1064960K
  class space    used 2050K, capacity 2285K, committed 2304K, reserved 1048576K
}
Event: 2.202 GC heap after
{Heap after GC invocations=4 (full 0):
 garbage-first heap   total 196608K, used 10315K [0x0000000740c00000, 0x0000000800000000)
  region size 1024K, 3 young (3072K), 3 survivors (3072K)
 Metaspace       used 17703K, capacity 18325K, committed 18432K, reserved 1064960K
  class space    used 2050K, capacity 2285K, committed 2304K, reserved 1048576K
}
Event: 2.833 GC heap before
{Heap before GC invocations=4 (full 0):
 garbage-first heap   total 196608K, used 49227K [0x0000000740c00000, 0x0000000800000000)
  region size 1024K, 42 young (43008K), 3 survivors (3072K)
 Metaspace       used 20563K, capacity 21197K, committed 21296K, reserved 1069056K
  class space    used 2513K, capacity 2760K, committed 2816K, reserved 1048576K
}
Event: 2.839 GC heap after
{Heap after GC invocations=5 (full 0):
 garbage-first heap   total 196608K, used 10863K [0x0000000740c00000, 0x0000000800000000)
  region size 1024K, 3 young (3072K), 3 survivors (3072K)
 Metaspace       used 20563K, capacity 21197K, committed 21296K, reserved 1069056K
  class space    used 2513K, capacity 2760K, committed 2816K, reserved 1048576K
}

Deoptimization events (10 events):
Event: 1.272 Thread 0x0000023a957bf800 Uncommon trap: reason=bimorphic_or_optimized_type_check action=maybe_recompile pc=0x0000023aa4986e4c method=java.util.HashMap.putVal(ILjava/lang/Object;Ljava/lang/Object;ZZ)Ljava/lang/Object; @ 203 c2
Event: 1.289 Thread 0x0000023a957bf800 Uncommon trap: reason=class_check action=maybe_recompile pc=0x0000023aa4986dc4 method=java.util.HashMap.putVal(ILjava/lang/Object;Ljava/lang/Object;ZZ)Ljava/lang/Object; @ 253 c2
Event: 1.292 Thread 0x0000023a957bf800 Uncommon trap: reason=class_check action=maybe_recompile pc=0x0000023aa4986dc4 method=java.util.HashMap.putVal(ILjava/lang/Object;Ljava/lang/Object;ZZ)Ljava/lang/Object; @ 253 c2
Event: 1.300 Thread 0x0000023a957bf800 Uncommon trap: reason=class_check action=maybe_recompile pc=0x0000023aa4986dc4 method=java.util.HashMap.putVal(ILjava/lang/Object;Ljava/lang/Object;ZZ)Ljava/lang/Object; @ 253 c2
Event: 1.554 Thread 0x0000023a957bf800 Uncommon trap: reason=unstable_if action=reinterpret pc=0x0000023aa4954668 method=java.lang.String.startsWith(Ljava/lang/String;I)Z @ 14 c2
Event: 1.602 Thread 0x0000023a957bf800 Uncommon trap: reason=unstable_if action=reinterpret pc=0x0000023aa4934544 method=java.lang.CharacterData.of(I)Ljava/lang/CharacterData; @ 4 c2
Event: 1.806 Thread 0x0000023a957bf800 Uncommon trap: reason=unstable_if action=reinterpret pc=0x0000023aa4998610 method=java.util.concurrent.ConcurrentHashMap.get(Ljava/lang/Object;)Ljava/lang/Object; @ 76 c2
Event: 2.107 Thread 0x0000023a957bf800 Uncommon trap: reason=unstable_if action=reinterpret pc=0x0000023aa498f998 method=sun.reflect.generics.parser.SignatureParser.current()C @ 39 c2
Event: 3.024 Thread 0x0000023a957bf800 Uncommon trap: reason=unstable_if action=reinterpret pc=0x0000023aa4a1c3ac method=org.eclipse.jdt.launching.internal.org.objectweb.asm.SymbolTable.<init>(Lorg/eclipse/jdt/launching/internal/org/objectweb/asm/ClassWriter;Lorg/eclipse/jdt/launching/internal
Event: 3.126 Thread 0x0000023a957bf800 Uncommon trap: reason=unstable_if action=reinterpret pc=0x0000023aa49a9a48 method=java.io.WinNTFileSystem.normalize(Ljava/lang/String;)Ljava/lang/String; @ 128 c2

Classes redefined (8 events):
Event: 174.551 Thread 0x0000023ab5526000 redefined class name=com.management.gym.controller.StudentControllerTest, count=1
Event: 223.748 Thread 0x0000023ab5526000 redefined class name=com.management.gym.controller.StudentControllerTest, count=2
Event: 292.844 Thread 0x0000023ab5526000 redefined class name=com.management.gym.controller.StudentControllerTest, count=3
Event: 1322.132 Thread 0x0000023ab5526000 redefined class name=com.management.gym.controller.StudentControllerTest, count=4
Event: 1970.838 Thread 0x0000023ab5526000 redefined class name=com.management.gym.controller.StudentControllerTest, count=5
Event: 2029.585 Thread 0x0000023ab5526000 redefined class name=com.management.gym.controller.StudentControllerTest, count=6
Event: 2129.101 Thread 0x0000023ab5526000 redefined class name=com.management.gym.controller.StudentControllerTest, count=7
Event: 2209.215 Thread 0x0000023ab5526000 redefined class name=com.management.gym.controller.StudentControllerTest, count=8

Internal exceptions (10 events):
Event: 1.570 Thread 0x0000023a957bf800 Exception <a 'java/lang/NoSuchMethodError'{0x000000074c1cc820}: java.lang.invoke.DirectMethodHandle$Holder.invokeInterface(Ljava/lang/Object;Ljava/lang/Object;Ljava/lang/Object;Ljava/lang/Object;Ljava/lang/Object;)Ljava/lang/Object;> (0x000000074c1cc820) 
Event: 1.571 Thread 0x0000023a957bf800 Exception <a 'java/lang/IncompatibleClassChangeError'{0x000000074c1cff78}: Found class java.lang.Object, but interface was expected> (0x000000074c1cff78) thrown at [./open/src/hotspot/share/interpreter/linkResolver.cpp, line 838]
Event: 1.581 Thread 0x0000023a957bf800 Exception <a 'java/lang/NoSuchMethodError'{0x000000074c07fc58}: java.lang.invoke.DirectMethodHandle$Holder.invokeInterface(Ljava/lang/Object;Ljava/lang/Object;)I> (0x000000074c07fc58) thrown at [./open/src/hotspot/share/interpreter/linkResolver.cpp, line 
Event: 1.592 Thread 0x0000023a957bf800 Exception <a 'java/lang/IncompatibleClassChangeError'{0x000000074c0c03a0}: Found class java.lang.Object, but interface was expected> (0x000000074c0c03a0) thrown at [./open/src/hotspot/share/interpreter/linkResolver.cpp, line 838]
Event: 1.816 Thread 0x0000023a957bf800 Exception <a 'java/lang/NoSuchMethodError'{0x000000074b734930}: java.lang.invoke.DirectMethodHandle$Holder.invokeStaticInit(Ljava/lang/Object;Ljava/lang/Object;Ljava/lang/Object;Ljava/lang/Object;)I> (0x000000074b734930) thrown at [./open/src/hotspot/shar
Event: 1.818 Thread 0x0000023a957bf800 Exception <a 'java/lang/IncompatibleClassChangeError'{0x000000074b73d8a0}: Found class java.lang.Object, but interface was expected> (0x000000074b73d8a0) thrown at [./open/src/hotspot/share/interpreter/linkResolver.cpp, line 838]
Event: 1.819 Thread 0x0000023a957bf800 Exception <a 'java/lang/NoSuchMethodError'{0x000000074b740e88}: java.lang.invoke.DirectMethodHandle$Holder.invokeStaticInit(Ljava/lang/Object;Ljava/lang/Object;)V> (0x000000074b740e88) thrown at [./open/src/hotspot/share/interpreter/linkResolver.cpp, line
Event: 2.244 Thread 0x0000023a957bf800 Exception <a 'java/lang/ClassNotFoundException'{0x000000074c9eab28}: java/lang/ClassLoader$ByteBuddyAccessor$V1> (0x000000074c9eab28) thrown at [./open/src/hotspot/share/classfile/systemDictionary.cpp, line 226]
Event: 3.044 Thread 0x0000023a957bf800 Exception <a 'java/lang/NoSuchMethodError'{0x000000074c219190}: java.lang.invoke.DirectMethodHandle$Holder.invokeStaticInit(Ljava/lang/Object;IIII)Ljava/lang/Object;> (0x000000074c219190) thrown at [./open/src/hotspot/share/interpreter/linkResolver.cpp, l
Event: 3.129 Thread 0x0000023a957bf800 Exception <a 'java/lang/NoSuchMethodError'{0x000000074c240438}: java.lang.invoke.DirectMethodHandle$Holder.invokeStaticInit(Ljava/lang/Object;Ljava/lang/Object;IIII)Ljava/lang/Object;> (0x000000074c240438) thrown at [./open/src/hotspot/share/interpreter/l

Events (10 events):
Event: 2182.980 Executing VM operation: GetOwnedMonitorInfo done
Event: 2184.860 Executing VM operation: GetCurrentContendedMonitor
Event: 2184.860 Executing VM operation: GetCurrentContendedMonitor done
Event: 2184.860 Executing VM operation: GetOwnedMonitorInfo
Event: 2184.860 Executing VM operation: GetOwnedMonitorInfo done
Event: 2209.196 Executing VM operation: RedefineClasses
Event: 2209.217 Executing VM operation: RedefineClasses done
Event: 2209.217 Executing VM operation: GetFrameLocation
Event: 2209.217 Executing VM operation: GetFrameLocation done
Event: 2209.217 Executing VM operation: GetOrSetLocal


Dynamic libraries:
0x00007ff6ec030000 - 0x00007ff6ec03f000 	C:\Program Files\Java\jdk-11.0.15\bin\javaw.exe
0x00007ffd21370000 - 0x00007ffd21568000 	C:\WINDOWS\SYSTEM32\ntdll.dll
0x00007ffd1ff30000 - 0x00007ffd1ffed000 	C:\WINDOWS\System32\KERNEL32.DLL
0x00007ffd1ed20000 - 0x00007ffd1efee000 	C:\WINDOWS\System32\KERNELBASE.dll
0x00007ffd1f020000 - 0x00007ffd1f120000 	C:\WINDOWS\System32\ucrtbase.dll
0x00007ffd13030000 - 0x00007ffd13045000 	C:\Program Files\Java\jdk-11.0.15\bin\VCRUNTIME140.dll
0x00007ffd12fa0000 - 0x00007ffd12fb8000 	C:\Program Files\Java\jdk-11.0.15\bin\jli.dll
0x00007ffd20a60000 - 0x00007ffd20b0e000 	C:\WINDOWS\System32\ADVAPI32.dll
0x00007ffd20890000 - 0x00007ffd2092e000 	C:\WINDOWS\System32\msvcrt.dll
0x00007ffd1fb40000 - 0x00007ffd1fbdc000 	C:\WINDOWS\System32\sechost.dll
0x00007ffd20760000 - 0x00007ffd20885000 	C:\WINDOWS\System32\RPCRT4.dll
0x00007ffd20350000 - 0x00007ffd204f0000 	C:\WINDOWS\System32\USER32.dll
0x00007ffd1ec60000 - 0x00007ffd1ec82000 	C:\WINDOWS\System32\win32u.dll
0x00007ffd1fae0000 - 0x00007ffd1fb0a000 	C:\WINDOWS\System32\GDI32.dll
0x00007ffd1f2c0000 - 0x00007ffd1f3cb000 	C:\WINDOWS\System32\gdi32full.dll
0x00007ffd1f120000 - 0x00007ffd1f1bd000 	C:\WINDOWS\System32\msvcp_win.dll
0x00007ffd0f240000 - 0x00007ffd0f4da000 	C:\WINDOWS\WinSxS\amd64_microsoft.windows.common-controls_6595b64144ccf1df_6.0.19041.1110_none_60b5254171f9507e\COMCTL32.dll
0x00007ffd17300000 - 0x00007ffd1730a000 	C:\WINDOWS\SYSTEM32\VERSION.dll
0x00007ffd205d0000 - 0x00007ffd20600000 	C:\WINDOWS\System32\IMM32.DLL
0x00007ffcfa720000 - 0x00007ffcfa7bb000 	C:\Program Files\Java\jdk-11.0.15\bin\msvcp140.dll
0x00007ffcc8180000 - 0x00007ffcc8c96000 	C:\Program Files\Java\jdk-11.0.15\bin\server\jvm.dll
0x00007ffd1fbe0000 - 0x00007ffd1fbe8000 	C:\WINDOWS\System32\PSAPI.DLL
0x00007ffd0b8e0000 - 0x00007ffd0b8e9000 	C:\WINDOWS\SYSTEM32\WSOCK32.dll
0x00007ffd20b70000 - 0x00007ffd20bdb000 	C:\WINDOWS\System32\WS2_32.dll
0x00007ffd166c0000 - 0x00007ffd166e7000 	C:\WINDOWS\SYSTEM32\WINMM.dll
0x00007ffd1c970000 - 0x00007ffd1c982000 	C:\WINDOWS\SYSTEM32\kernel.appcore.dll
0x00007ffd1c330000 - 0x00007ffd1c340000 	C:\Program Files\Java\jdk-11.0.15\bin\verify.dll
0x00007ffd12820000 - 0x00007ffd12a04000 	C:\WINDOWS\SYSTEM32\DBGHELP.DLL
0x00007ffd0b6f0000 - 0x00007ffd0b71c000 	C:\WINDOWS\SYSTEM32\dbgcore.DLL
0x00007ffd1ec90000 - 0x00007ffd1ed12000 	C:\WINDOWS\System32\bcryptPrimitives.dll
0x00007ffd12f70000 - 0x00007ffd12f98000 	C:\Program Files\Java\jdk-11.0.15\bin\java.dll
0x00007ffd13020000 - 0x00007ffd1302a000 	C:\Program Files\Java\jdk-11.0.15\bin\jimage.dll
0x00007ffd12f30000 - 0x00007ffd12f68000 	C:\Program Files\Java\jdk-11.0.15\bin\jdwp.dll
0x00007ffd12f20000 - 0x00007ffd12f2e000 	C:\Program Files\Java\jdk-11.0.15\bin\instrument.dll
0x00007ffd10100000 - 0x00007ffd10116000 	C:\Program Files\Java\jdk-11.0.15\bin\zip.dll
0x00007ffd20be0000 - 0x00007ffd21324000 	C:\WINDOWS\System32\SHELL32.dll
0x00007ffd1cb70000 - 0x00007ffd1d304000 	C:\WINDOWS\SYSTEM32\windows.storage.dll
0x00007ffd1fff0000 - 0x00007ffd20344000 	C:\WINDOWS\System32\combase.dll
0x00007ffd1e3a0000 - 0x00007ffd1e3d0000 	C:\WINDOWS\SYSTEM32\Wldp.dll
0x00007ffd1fa30000 - 0x00007ffd1fadd000 	C:\WINDOWS\System32\SHCORE.dll
0x00007ffd1fc70000 - 0x00007ffd1fcc5000 	C:\WINDOWS\System32\shlwapi.dll
0x00007ffd1e9d0000 - 0x00007ffd1e9ef000 	C:\WINDOWS\SYSTEM32\profapi.dll
0x00007ffd12f10000 - 0x00007ffd12f1a000 	C:\Program Files\Java\jdk-11.0.15\bin\dt_socket.dll
0x00007ffd1e120000 - 0x00007ffd1e18a000 	C:\WINDOWS\System32\mswsock.dll
0x00007ffd1de70000 - 0x00007ffd1df3a000 	C:\WINDOWS\SYSTEM32\DNSAPI.dll
0x00007ffd1de30000 - 0x00007ffd1de6b000 	C:\WINDOWS\SYSTEM32\IPHLPAPI.DLL
0x00007ffd1f840000 - 0x00007ffd1f848000 	C:\WINDOWS\System32\NSI.dll
0x00007ffd15710000 - 0x00007ffd15790000 	C:\WINDOWS\System32\fwpuclnt.dll
0x00007ffd1eff0000 - 0x00007ffd1f017000 	C:\WINDOWS\System32\bcrypt.dll
0x00007ffd14eb0000 - 0x00007ffd14eba000 	C:\Windows\System32\rasadhlp.dll
0x00007ffd0ec40000 - 0x00007ffd0ec59000 	C:\Program Files\Java\jdk-11.0.15\bin\net.dll
0x00007ffd101a0000 - 0x00007ffd102aa000 	C:\WINDOWS\SYSTEM32\WINHTTP.dll
0x00007ffd0ebe0000 - 0x00007ffd0ebf2000 	C:\Program Files\Java\jdk-11.0.15\bin\nio.dll
0x00007ffd1e3e0000 - 0x00007ffd1e3f8000 	C:\WINDOWS\SYSTEM32\CRYPTSP.dll
0x00007ffd1dac0000 - 0x00007ffd1daf4000 	C:\WINDOWS\system32\rsaenh.dll
0x00007ffd1e950000 - 0x00007ffd1e97e000 	C:\WINDOWS\SYSTEM32\USERENV.dll
0x00007ffd1e2b0000 - 0x00007ffd1e2bc000 	C:\WINDOWS\SYSTEM32\CRYPTBASE.dll
0x00007ffd17480000 - 0x00007ffd17497000 	C:\WINDOWS\SYSTEM32\dhcpcsvc6.DLL
0x00007ffd17290000 - 0x00007ffd172ad000 	C:\WINDOWS\SYSTEM32\dhcpcsvc.DLL

dbghelp: loaded successfully - version: 4.0.5 - missing functions: none
symbol engine: initialized successfully - sym options: 0x614 - pdb path: .;C:\Program Files\Java\jdk-11.0.15\bin;C:\WINDOWS\SYSTEM32;C:\WINDOWS\WinSxS\amd64_microsoft.windows.common-controls_6595b64144ccf1df_6.0.19041.1110_none_60b5254171f9507e;C:\Program Files\Java\jdk-11.0.15\bin\server

VM Arguments:
jvm_args: -agentlib:jdwp=transport=dt_socket,suspend=y,address=localhost:57904 -ea -javaagent:C:\SpringTollSuite\configuration\org.eclipse.osgi\252\0\.cp\lib\javaagent-shaded.jar -Dfile.encoding=UTF-8 
java_command: org.eclipse.jdt.internal.junit.runner.RemoteTestRunner -version 3 -port 57903 -testLoaderClass org.eclipse.jdt.internal.junit5.runner.JUnit5TestLoader -loaderpluginname org.eclipse.jdt.junit5.runtime -test com.management.gym.controller.StudentControllerTest:testListsAllStudents
java_class_path (initial): C:\Users\AProgrammer\Documents\WKS-TEMP\management-gym\target\test-classes;C:\Users\AProgrammer\Documents\WKS-TEMP\management-gym\target\classes;C:\Users\AProgrammer\.m2\repository\org\springframework\boot\spring-boot-starter-data-jpa\2.7.1\spring-boot-starter-data-jpa-2.7.1.jar;C:\Users\AProgrammer\.m2\repository\org\springframework\boot\spring-boot-starter-aop\2.7.1\spring-boot-starter-aop-2.7.1.jar;C:\Users\AProgrammer\.m2\repository\org\springframework\spring-aop\5.3.21\spring-aop-5.3.21.jar;C:\Users\AProgrammer\.m2\repository\org\aspectj\aspectjweaver\1.9.7\aspectjweaver-1.9.7.jar;C:\Users\AProgrammer\.m2\repository\org\springframework\boot\spring-boot-starter-jdbc\2.7.1\spring-boot-starter-jdbc-2.7.1.jar;C:\Users\AProgrammer\.m2\repository\com\zaxxer\HikariCP\4.0.3\HikariCP-4.0.3.jar;C:\Users\AProgrammer\.m2\repository\org\springframework\spring-jdbc\5.3.21\spring-jdbc-5.3.21.jar;C:\Users\AProgrammer\.m2\repository\jakarta\transaction\jakarta.transaction-api\1.3.3\jakarta.transaction-api-1.3.3.jar;C:\Users\AProgrammer\.m2\repository\jakarta\persistence\jakarta.persistence-api\2.2.3\jakarta.persistence-api-2.2.3.jar;C:\Users\AProgrammer\.m2\repository\org\hibernate\hibernate-core\5.6.9.Final\hibernate-core-5.6.9.Final.jar;C:\Users\AProgrammer\.m2\repository\org\jboss\logging\jboss-logging\3.4.3.Final\jboss-logging-3.4.3.Final.jar;C:\Users\AProgrammer\.m2\repository\net\bytebuddy\byte-buddy\1.12.11\byte-buddy-1.12.11.jar;C:\Users\AProgrammer\.m2\repository\antlr\antlr\2.7.7\antlr-2.7.7.jar;C:\Users\AProgrammer\.m2\repository\org\jboss\jandex\2.4.2.Final\jandex-2.4.2.Final.jar;C:\Users\AProgrammer\.m2\repository\com\fasterxml\classmate\1.5.1\classmate-1.5.1.jar;C:\Users\AProgrammer\.m2\repository\org\hibernate\common\hibernate-commons-annotations\5.1.2.Final\hibernate-commons-annotations-5.1.2.Final.jar;C:\Users\AProgrammer\.m2\repository\org\glassfish\jaxb\jaxb-runtime\2.3.6\jaxb-runtime-2.3.6.jar;C:\Users\AProgrammer\.m2\repository\
Launcher Type: SUN_STANDARD

[Global flags]
     intx CICompilerCount                          = 3                                         {product} {ergonomic}
     uint ConcGCThreads                            = 1                                         {product} {ergonomic}
     uint G1ConcRefinementThreads                  = 4                                         {product} {ergonomic}
   size_t G1HeapRegionSize                         = 1048576                                   {product} {ergonomic}
    uintx GCDrainStackTargetSize                   = 64                                        {product} {ergonomic}
   size_t InitialHeapSize                          = 201326592                                 {product} {ergonomic}
   size_t MarkStackSize                            = 4194304                                   {product} {ergonomic}
   size_t MaxHeapSize                              = 3208642560                                {product} {ergonomic}
   size_t MaxNewSize                               = 1925185536                                {product} {ergonomic}
   size_t MinHeapDeltaBytes                        = 1048576                                   {product} {ergonomic}
    uintx NonNMethodCodeHeapSize                   = 5830732                                {pd product} {ergonomic}
    uintx NonProfiledCodeHeapSize                  = 122913754                              {pd product} {ergonomic}
    uintx ProfiledCodeHeapSize                     = 122913754                              {pd product} {ergonomic}
    uintx ReservedCodeCacheSize                    = 251658240                              {pd product} {ergonomic}
     bool SegmentedCodeCache                       = true                                      {product} {ergonomic}
     bool UseCompressedClassPointers               = true                                 {lp64_product} {ergonomic}
     bool UseCompressedOops                        = true                                 {lp64_product} {ergonomic}
     bool UseG1GC                                  = true                                      {product} {ergonomic}
     bool UseLargePagesIndividualAllocation        = false                                  {pd product} {ergonomic}

Logging:
Log output configuration:
 #0: stdout all=warning uptime,level,tags
 #1: stderr all=off uptime,level,tags

Environment Variables:
JAVA_HOME=C:\Program Files\Java\jdk1.8.0_281\
PATH=C:/SpringTollSuite//plugins/org.eclipse.justj.openjdk.hotspot.jre.full.win32.x86_64_15.0.1.v20201027-0507/jre/bin/server;C:/SpringTollSuite//plugins/org.eclipse.justj.openjdk.hotspot.jre.full.win32.x86_64_15.0.1.v20201027-0507/jre/bin;C:\Program Files\Common Files\Oracle\Java\javapath;%JAVA_HOME%\bin;C:\WINDOWS\system32;C:\WINDOWS;C:\WINDOWS\System32\Wbem;C:\WINDOWS\System32\WindowsPowerShell\v1.0\;C:\WINDOWS\System32\OpenSSH\;C:\Program Files\Git\cmd;C:\ProgramData\chocolatey\bin;;C:\ProgramData\UNIVALI\Portugol Studio;C:\Program Files\Docker\Docker\resources\bin;C:\ProgramData\DockerDesktop\version-bin;C:\Program Files\nodejs\;C:\Program Files\Java\jdk1.8.0_281\\bin;C:\Users\AProgrammer\AppData\Local\Microsoft\WindowsApps;C:\Users\AProgrammer\AppData\Local\Programs\Microsoft VS Code\bin;C:\Program Files\heroku\bin;C:\Users\AProgrammer\AppData\Roaming\npm;C:\SpringTollSuite;
USERNAME=AProgrammer
OS=Windows_NT
PROCESSOR_IDENTIFIER=Intel64 Family 6 Model 158 Stepping 9, GenuineIntel



---------------  S Y S T E M  ---------------

OS: Windows 10 , 64 bit Build 19041 (10.0.19041.1889)
Hyper-V role detected

CPU:total 4 (initial active 4) (2 cores per cpu, 2 threads per core) family 6 model 158 stepping 9 microcode 0xb4, cmov, cx8, fxsr, mmx, sse, sse2, sse3, ssse3, sse4.1, sse4.2, popcnt, aes, clmul, erms, 3dnowpref, lzcnt, ht, tsc, tscinvbit

Memory: 4k page, system-wide physical 12232M (5165M free)
TotalPageFile size 13286M (AvailPageFile size 3513M)
current process WorkingSet (physical memory assigned to process): 121M, peak: 174M
current process commit charge ("private bytes"): 304M, peak: 344M

vm_info: Java HotSpot(TM) 64-Bit Server VM (11.0.15+8-LTS-149) for windows-amd64 JRE (11.0.15+8-LTS-149), built on Mar  9 2022 22:42:32 by "mach5one" with MS VC++ 15.9 (VS2017)

END.
