#
# A fatal error has been detected by the Java Runtime Environment:
#
#  Internal Error (./open/src/hotspot/share/oops/generateOopMap.cpp:2164), pid=6860, tid=12192
#  fatal error: Illegal class file encountered. Try running with -Xverify:all in method testListsAllStudents
#
# JRE version: Java(TM) SE Runtime Environment 18.9 (11.0.15+8) (build 11.0.15+8-LTS-149)
# Java VM: Java HotSpot(TM) 64-Bit Server VM 18.9 (11.0.15+8-LTS-149, mixed mode, tiered, compressed oops, g1 gc, windows-amd64)
# No core dump will be written. Minidumps are not enabled by default on client versions of Windows
#
# If you would like to submit a bug report, please visit:
#   https://bugreport.java.com/bugreport/crash.jsp
#

---------------  S U M M A R Y ------------

Command Line: -agentlib:jdwp=transport=dt_socket,suspend=y,address=localhost:57894 -ea -javaagent:C:\SpringTollSuite\configuration\org.eclipse.osgi\252\0\.cp\lib\javaagent-shaded.jar -Dfile.encoding=UTF-8 org.eclipse.jdt.internal.junit.runner.RemoteTestRunner -version 3 -port 57893 -testLoaderClass org.eclipse.jdt.internal.junit5.runner.JUnit5TestLoader -loaderpluginname org.eclipse.jdt.junit5.runtime -test com.management.gym.controller.StudentControllerTest:testListsAllStudents

Host: Intel(R) Pentium(R) CPU G4560 @ 3.50GHz, 4 cores, 11G,  Windows 10 , 64 bit Build 19041 (10.0.19041.1889)
Time: Thu Aug 18 16:23:17 2022 Hora oficial do Brasil elapsed time: 2285.846295 seconds (0d 0h 38m 5s)

---------------  T H R E A D  ---------------

Current thread (0x00000243fedf5800):  VMThread "VM Thread" [stack: 0x000000e83a300000,0x000000e83a400000] [id=12192]

Stack: [0x000000e83a300000,0x000000e83a400000]
[error occurred during error reporting (printing stack bounds), id 0xc0000005, EXCEPTION_ACCESS_VIOLATION (0xc0000005) at pc=0x00000243e8730f3d]

Native frames: (J=compiled Java code, j=interpreted, Vv=VM code, C=native code)
V  [jvm.dll+0x629d8a]
V  [jvm.dll+0x7638ff]
V  [jvm.dll+0x764fa9]
V  [jvm.dll+0x765595]
V  [jvm.dll+0x76554b]
V  [jvm.dll+0x629273]
V  [jvm.dll+0x629988]
C  [ntdll.dll+0xa229f]
C  [ntdll.dll+0x51454]
C  [ntdll.dll+0xa0dce]
C  0x00000243e8730f3d

VM_Operation (0x000000e83aeff670): GetOrSetLocal, mode: safepoint, requested by thread 0x00000243ff9f9800


---------------  P R O C E S S  ---------------

Threads class SMR info:
_java_thread_list=0x00000243855ecbf0, length=14, elements={
0x00000243e1090800, 0x00000243fedf8800, 0x00000243fedfa000, 0x00000243ff674800,
0x00000243ff675800, 0x00000243ff677800, 0x00000243ff68c800, 0x00000243ff691000,
0x00000243ff693800, 0x00000243fedb2000, 0x00000243ff9f9800, 0x00000243ff969800,
0x00000243ff967000, 0x0000024382e79800
}

Java Threads: ( => current thread )
  0x00000243e1090800 JavaThread "main" [_thread_blocked, id=3636, stack(0x000000e839d00000,0x000000e839e00000)]
  0x00000243fedf8800 JavaThread "Reference Handler" daemon [_thread_blocked, id=7812, stack(0x000000e83a400000,0x000000e83a500000)]
  0x00000243fedfa000 JavaThread "Finalizer" daemon [_thread_blocked, id=12468, stack(0x000000e83a500000,0x000000e83a600000)]
  0x00000243ff674800 JavaThread "Signal Dispatcher" daemon [_thread_blocked, id=14948, stack(0x000000e83a600000,0x000000e83a700000)]
  0x00000243ff675800 JavaThread "Attach Listener" daemon [_thread_blocked, id=7484, stack(0x000000e83a700000,0x000000e83a800000)]
  0x00000243ff677800 JavaThread "Service Thread" daemon [_thread_blocked, id=11872, stack(0x000000e83a800000,0x000000e83a900000)]
  0x00000243ff68c800 JavaThread "C2 CompilerThread0" daemon [_thread_blocked, id=9792, stack(0x000000e83a900000,0x000000e83aa00000)]
  0x00000243ff691000 JavaThread "C1 CompilerThread0" daemon [_thread_blocked, id=2152, stack(0x000000e83aa00000,0x000000e83ab00000)]
  0x00000243ff693800 JavaThread "Sweeper thread" daemon [_thread_blocked, id=2808, stack(0x000000e83ab00000,0x000000e83ac00000)]
  0x00000243fedb2000 JavaThread "Common-Cleaner" daemon [_thread_blocked, id=14128, stack(0x000000e83ac00000,0x000000e83ad00000)]
  0x00000243ff9f9800 JavaThread "JDWP Transport Listener: dt_socket" daemon [_thread_blocked, id=4308, stack(0x000000e83ae00000,0x000000e83af00000)] _threads_hazard_ptr=0x00000243855ecbf0
  0x00000243ff969800 JavaThread "JDWP Event Helper Thread" daemon [_thread_blocked, id=3604, stack(0x000000e83af00000,0x000000e83b000000)]
  0x00000243ff967000 JavaThread "JDWP Command Reader" daemon [_thread_in_native, id=7488, stack(0x000000e83b000000,0x000000e83b100000)]
  0x0000024382e79800 JavaThread "ReaderThread" [_thread_in_native, id=9096, stack(0x000000e83b500000,0x000000e83b600000)]

Other Threads:
=>0x00000243fedf5800 VMThread "VM Thread" [stack: 0x000000e83a300000,0x000000e83a400000] [id=12192]
  0x00000243822e9000 WatcherThread [stack: 0x000000e83b100000,0x000000e83b200000] [id=14232]
  0x00000243e10a5800 GCTaskThread "GC Thread#0" [stack: 0x000000e839e00000,0x000000e839f00000] [id=2252]
  0x0000024382d99000 GCTaskThread "GC Thread#1" [stack: 0x000000e83b200000,0x000000e83b300000] [id=13492]
  0x0000024382d9e800 GCTaskThread "GC Thread#2" [stack: 0x000000e83b300000,0x000000e83b400000] [id=11740]
  0x0000024382d9a800 GCTaskThread "GC Thread#3" [stack: 0x000000e83b400000,0x000000e83b500000] [id=4240]
  0x00000243e10ef000 ConcurrentGCThread "G1 Main Marker" [stack: 0x000000e839f00000,0x000000e83a000000] [id=7268]
  0x00000243e10f7000 ConcurrentGCThread "G1 Conc#0" [stack: 0x000000e83a000000,0x000000e83a100000] [id=14812]
  0x00000243fec63800 ConcurrentGCThread "G1 Refine#0" [stack: 0x000000e83a100000,0x000000e83a200000] [id=9408]
  0x00000243fec64000 ConcurrentGCThread "G1 Young RemSet Sampling" [stack: 0x000000e83a200000,0x000000e83a300000] [id=10608]

Threads with active compile tasks:

VM state:at safepoint (normal execution)

VM Mutex/Monitor currently owned by a thread:  ([mutex/lock_event])
[0x00000243e108be00] Threads_lock - owner thread: 0x00000243fedf5800

Heap address: 0x0000000740c00000, size: 3060 MB, Compressed Oops mode: Zero based, Oop shift amount: 3
Narrow klass base: 0x0000000800000000, Narrow klass shift: 0
Compressed class space size: 1073741824 Address: 0x0000000800000000

Heap:
 garbage-first heap   total 196608K, used 15553K [0x0000000740c00000, 0x0000000800000000)
  region size 1024K, 9 young (9216K), 3 survivors (3072K)
 Metaspace       used 21462K, capacity 22109K, committed 22400K, reserved 1069056K
  class space    used 2617K, capacity 2849K, committed 2944K, reserved 1048576K
Heap Regions: E=young(eden), S=young(survivor), O=old, HS=humongous(starts), HC=humongous(continues), CS=collection set, F=free, A=archive, TAMS=top-at-mark-start (previous, next)
|   0|0x0000000740c00000, 0x0000000740d00000, 0x0000000740d00000|100%|HS|  |TAMS 0x0000000740d00000, 0x0000000740c00000| Complete 
|   1|0x0000000740d00000, 0x0000000740e00000, 0x0000000740e00000|100%| O|  |TAMS 0x0000000740e00000, 0x0000000740d00000| Untracked 
|   2|0x0000000740e00000, 0x0000000740f00000, 0x0000000740f00000|100%| O|  |TAMS 0x0000000740f00000, 0x0000000740e00000| Untracked 
|   3|0x0000000740f00000, 0x0000000741000000, 0x0000000741000000|100%| O|  |TAMS 0x0000000741000000, 0x0000000740f00000| Untracked 
|   4|0x0000000741000000, 0x0000000741100000, 0x0000000741100000|100%| O|  |TAMS 0x0000000741100000, 0x0000000741000000| Untracked 
|   5|0x0000000741100000, 0x0000000741200000, 0x0000000741200000|100%| O|  |TAMS 0x0000000741200000, 0x0000000741100000| Untracked 
|   6|0x0000000741200000, 0x0000000741300000, 0x0000000741300000|100%| O|  |TAMS 0x0000000741300000, 0x0000000741200000| Untracked 
|   7|0x0000000741300000, 0x00000007413b1200, 0x0000000741400000| 69%| O|  |TAMS 0x00000007413b1200, 0x0000000741300000| Untracked 
|   8|0x0000000741400000, 0x0000000741400000, 0x0000000741500000|  0%| F|  |TAMS 0x0000000741400000, 0x0000000741400000| Untracked 
|   9|0x0000000741500000, 0x0000000741500000, 0x0000000741600000|  0%| F|  |TAMS 0x0000000741500000, 0x0000000741500000| Untracked 
|  10|0x0000000741600000, 0x0000000741600000, 0x0000000741700000|  0%| F|  |TAMS 0x0000000741600000, 0x0000000741600000| Untracked 
|  11|0x0000000741700000, 0x0000000741700000, 0x0000000741800000|  0%| F|  |TAMS 0x0000000741700000, 0x0000000741700000| Untracked 
|  12|0x0000000741800000, 0x0000000741800000, 0x0000000741900000|  0%| F|  |TAMS 0x0000000741800000, 0x0000000741800000| Untracked 
|  13|0x0000000741900000, 0x0000000741900000, 0x0000000741a00000|  0%| F|  |TAMS 0x0000000741900000, 0x0000000741900000| Untracked 
|  14|0x0000000741a00000, 0x0000000741a00000, 0x0000000741b00000|  0%| F|  |TAMS 0x0000000741a00000, 0x0000000741a00000| Untracked 
|  15|0x0000000741b00000, 0x0000000741b00000, 0x0000000741c00000|  0%| F|  |TAMS 0x0000000741b00000, 0x0000000741b00000| Untracked 
|  16|0x0000000741c00000, 0x0000000741c00000, 0x0000000741d00000|  0%| F|  |TAMS 0x0000000741c00000, 0x0000000741c00000| Untracked 
|  17|0x0000000741d00000, 0x0000000741d00000, 0x0000000741e00000|  0%| F|  |TAMS 0x0000000741d00000, 0x0000000741d00000| Untracked 
|  18|0x0000000741e00000, 0x0000000741e00000, 0x0000000741f00000|  0%| F|  |TAMS 0x0000000741e00000, 0x0000000741e00000| Untracked 
|  19|0x0000000741f00000, 0x0000000741f00000, 0x0000000742000000|  0%| F|  |TAMS 0x0000000741f00000, 0x0000000741f00000| Untracked 
|  20|0x0000000742000000, 0x0000000742000000, 0x0000000742100000|  0%| F|  |TAMS 0x0000000742000000, 0x0000000742000000| Untracked 
|  21|0x0000000742100000, 0x0000000742100000, 0x0000000742200000|  0%| F|  |TAMS 0x0000000742100000, 0x0000000742100000| Untracked 
|  22|0x0000000742200000, 0x0000000742200000, 0x0000000742300000|  0%| F|  |TAMS 0x0000000742200000, 0x0000000742200000| Untracked 
|  23|0x0000000742300000, 0x0000000742300000, 0x0000000742400000|  0%| F|  |TAMS 0x0000000742300000, 0x0000000742300000| Untracked 
|  24|0x0000000742400000, 0x0000000742400000, 0x0000000742500000|  0%| F|  |TAMS 0x0000000742400000, 0x0000000742400000| Untracked 
|  25|0x0000000742500000, 0x0000000742500000, 0x0000000742600000|  0%| F|  |TAMS 0x0000000742500000, 0x0000000742500000| Untracked 
|  26|0x0000000742600000, 0x0000000742600000, 0x0000000742700000|  0%| F|  |TAMS 0x0000000742600000, 0x0000000742600000| Untracked 
|  27|0x0000000742700000, 0x0000000742700000, 0x0000000742800000|  0%| F|  |TAMS 0x0000000742700000, 0x0000000742700000| Untracked 
|  28|0x0000000742800000, 0x0000000742800000, 0x0000000742900000|  0%| F|  |TAMS 0x0000000742800000, 0x0000000742800000| Untracked 
|  29|0x0000000742900000, 0x0000000742900000, 0x0000000742a00000|  0%| F|  |TAMS 0x0000000742900000, 0x0000000742900000| Untracked 
|  30|0x0000000742a00000, 0x0000000742a00000, 0x0000000742b00000|  0%| F|  |TAMS 0x0000000742a00000, 0x0000000742a00000| Untracked 
|  31|0x0000000742b00000, 0x0000000742b00000, 0x0000000742c00000|  0%| F|  |TAMS 0x0000000742b00000, 0x0000000742b00000| Untracked 
|  32|0x0000000742c00000, 0x0000000742c00000, 0x0000000742d00000|  0%| F|  |TAMS 0x0000000742c00000, 0x0000000742c00000| Untracked 
|  33|0x0000000742d00000, 0x0000000742d00000, 0x0000000742e00000|  0%| F|  |TAMS 0x0000000742d00000, 0x0000000742d00000| Untracked 
|  34|0x0000000742e00000, 0x0000000742e00000, 0x0000000742f00000|  0%| F|  |TAMS 0x0000000742e00000, 0x0000000742e00000| Untracked 
|  35|0x0000000742f00000, 0x0000000742f00000, 0x0000000743000000|  0%| F|  |TAMS 0x0000000742f00000, 0x0000000742f00000| Untracked 
|  36|0x0000000743000000, 0x0000000743000000, 0x0000000743100000|  0%| F|  |TAMS 0x0000000743000000, 0x0000000743000000| Untracked 
|  37|0x0000000743100000, 0x0000000743100000, 0x0000000743200000|  0%| F|  |TAMS 0x0000000743100000, 0x0000000743100000| Untracked 
|  38|0x0000000743200000, 0x0000000743200000, 0x0000000743300000|  0%| F|  |TAMS 0x0000000743200000, 0x0000000743200000| Untracked 
|  39|0x0000000743300000, 0x0000000743300000, 0x0000000743400000|  0%| F|  |TAMS 0x0000000743300000, 0x0000000743300000| Untracked 
|  40|0x0000000743400000, 0x0000000743400000, 0x0000000743500000|  0%| F|  |TAMS 0x0000000743400000, 0x0000000743400000| Untracked 
|  41|0x0000000743500000, 0x0000000743500000, 0x0000000743600000|  0%| F|  |TAMS 0x0000000743500000, 0x0000000743500000| Untracked 
|  42|0x0000000743600000, 0x0000000743600000, 0x0000000743700000|  0%| F|  |TAMS 0x0000000743600000, 0x0000000743600000| Untracked 
|  43|0x0000000743700000, 0x0000000743700000, 0x0000000743800000|  0%| F|  |TAMS 0x0000000743700000, 0x0000000743700000| Untracked 
|  44|0x0000000743800000, 0x0000000743800000, 0x0000000743900000|  0%| F|  |TAMS 0x0000000743800000, 0x0000000743800000| Untracked 
|  45|0x0000000743900000, 0x0000000743900000, 0x0000000743a00000|  0%| F|  |TAMS 0x0000000743900000, 0x0000000743900000| Untracked 
|  46|0x0000000743a00000, 0x0000000743a00000, 0x0000000743b00000|  0%| F|  |TAMS 0x0000000743a00000, 0x0000000743a00000| Untracked 
|  47|0x0000000743b00000, 0x0000000743b00000, 0x0000000743c00000|  0%| F|  |TAMS 0x0000000743b00000, 0x0000000743b00000| Untracked 
|  48|0x0000000743c00000, 0x0000000743c00000, 0x0000000743d00000|  0%| F|  |TAMS 0x0000000743c00000, 0x0000000743c00000| Untracked 
|  49|0x0000000743d00000, 0x0000000743d00000, 0x0000000743e00000|  0%| F|  |TAMS 0x0000000743d00000, 0x0000000743d00000| Untracked 
|  50|0x0000000743e00000, 0x0000000743e00000, 0x0000000743f00000|  0%| F|  |TAMS 0x0000000743e00000, 0x0000000743e00000| Untracked 
|  51|0x0000000743f00000, 0x0000000743f00000, 0x0000000744000000|  0%| F|  |TAMS 0x0000000743f00000, 0x0000000743f00000| Untracked 
|  52|0x0000000744000000, 0x0000000744000000, 0x0000000744100000|  0%| F|  |TAMS 0x0000000744000000, 0x0000000744000000| Untracked 
|  53|0x0000000744100000, 0x0000000744100000, 0x0000000744200000|  0%| F|  |TAMS 0x0000000744100000, 0x0000000744100000| Untracked 
|  54|0x0000000744200000, 0x0000000744200000, 0x0000000744300000|  0%| F|  |TAMS 0x0000000744200000, 0x0000000744200000| Untracked 
|  55|0x0000000744300000, 0x0000000744300000, 0x0000000744400000|  0%| F|  |TAMS 0x0000000744300000, 0x0000000744300000| Untracked 
|  56|0x0000000744400000, 0x0000000744400000, 0x0000000744500000|  0%| F|  |TAMS 0x0000000744400000, 0x0000000744400000| Untracked 
|  57|0x0000000744500000, 0x0000000744500000, 0x0000000744600000|  0%| F|  |TAMS 0x0000000744500000, 0x0000000744500000| Untracked 
|  58|0x0000000744600000, 0x0000000744600000, 0x0000000744700000|  0%| F|  |TAMS 0x0000000744600000, 0x0000000744600000| Untracked 
|  59|0x0000000744700000, 0x0000000744700000, 0x0000000744800000|  0%| F|  |TAMS 0x0000000744700000, 0x0000000744700000| Untracked 
|  60|0x0000000744800000, 0x0000000744800000, 0x0000000744900000|  0%| F|  |TAMS 0x0000000744800000, 0x0000000744800000| Untracked 
|  61|0x0000000744900000, 0x0000000744900000, 0x0000000744a00000|  0%| F|  |TAMS 0x0000000744900000, 0x0000000744900000| Untracked 
|  62|0x0000000744a00000, 0x0000000744a00000, 0x0000000744b00000|  0%| F|  |TAMS 0x0000000744a00000, 0x0000000744a00000| Untracked 
|  63|0x0000000744b00000, 0x0000000744b00000, 0x0000000744c00000|  0%| F|  |TAMS 0x0000000744b00000, 0x0000000744b00000| Untracked 
|  64|0x0000000744c00000, 0x0000000744c00000, 0x0000000744d00000|  0%| F|  |TAMS 0x0000000744c00000, 0x0000000744c00000| Untracked 
|  65|0x0000000744d00000, 0x0000000744d00000, 0x0000000744e00000|  0%| F|  |TAMS 0x0000000744d00000, 0x0000000744d00000| Untracked 
|  66|0x0000000744e00000, 0x0000000744e00000, 0x0000000744f00000|  0%| F|  |TAMS 0x0000000744e00000, 0x0000000744e00000| Untracked 
|  67|0x0000000744f00000, 0x0000000744f00000, 0x0000000745000000|  0%| F|  |TAMS 0x0000000744f00000, 0x0000000744f00000| Untracked 
|  68|0x0000000745000000, 0x0000000745000000, 0x0000000745100000|  0%| F|  |TAMS 0x0000000745000000, 0x0000000745000000| Untracked 
|  69|0x0000000745100000, 0x0000000745100000, 0x0000000745200000|  0%| F|  |TAMS 0x0000000745100000, 0x0000000745100000| Untracked 
|  70|0x0000000745200000, 0x0000000745200000, 0x0000000745300000|  0%| F|  |TAMS 0x0000000745200000, 0x0000000745200000| Untracked 
|  71|0x0000000745300000, 0x0000000745300000, 0x0000000745400000|  0%| F|  |TAMS 0x0000000745300000, 0x0000000745300000| Untracked 
|  72|0x0000000745400000, 0x0000000745400000, 0x0000000745500000|  0%| F|  |TAMS 0x0000000745400000, 0x0000000745400000| Untracked 
|  73|0x0000000745500000, 0x0000000745500000, 0x0000000745600000|  0%| F|  |TAMS 0x0000000745500000, 0x0000000745500000| Untracked 
|  74|0x0000000745600000, 0x0000000745600000, 0x0000000745700000|  0%| F|  |TAMS 0x0000000745600000, 0x0000000745600000| Untracked 
|  75|0x0000000745700000, 0x0000000745700000, 0x0000000745800000|  0%| F|  |TAMS 0x0000000745700000, 0x0000000745700000| Untracked 
|  76|0x0000000745800000, 0x0000000745800000, 0x0000000745900000|  0%| F|  |TAMS 0x0000000745800000, 0x0000000745800000| Untracked 
|  77|0x0000000745900000, 0x0000000745900000, 0x0000000745a00000|  0%| F|  |TAMS 0x0000000745900000, 0x0000000745900000| Untracked 
|  78|0x0000000745a00000, 0x0000000745a00000, 0x0000000745b00000|  0%| F|  |TAMS 0x0000000745a00000, 0x0000000745a00000| Untracked 
|  79|0x0000000745b00000, 0x0000000745b00000, 0x0000000745c00000|  0%| F|  |TAMS 0x0000000745b00000, 0x0000000745b00000| Untracked 
|  80|0x0000000745c00000, 0x0000000745c00000, 0x0000000745d00000|  0%| F|  |TAMS 0x0000000745c00000, 0x0000000745c00000| Untracked 
|  81|0x0000000745d00000, 0x0000000745d00000, 0x0000000745e00000|  0%| F|  |TAMS 0x0000000745d00000, 0x0000000745d00000| Untracked 
|  82|0x0000000745e00000, 0x0000000745e00000, 0x0000000745f00000|  0%| F|  |TAMS 0x0000000745e00000, 0x0000000745e00000| Untracked 
|  83|0x0000000745f00000, 0x0000000745f00000, 0x0000000746000000|  0%| F|  |TAMS 0x0000000745f00000, 0x0000000745f00000| Untracked 
|  84|0x0000000746000000, 0x0000000746000000, 0x0000000746100000|  0%| F|  |TAMS 0x0000000746000000, 0x0000000746000000| Untracked 
|  85|0x0000000746100000, 0x0000000746100000, 0x0000000746200000|  0%| F|  |TAMS 0x0000000746100000, 0x0000000746100000| Untracked 
|  86|0x0000000746200000, 0x0000000746200000, 0x0000000746300000|  0%| F|  |TAMS 0x0000000746200000, 0x0000000746200000| Untracked 
|  87|0x0000000746300000, 0x0000000746300000, 0x0000000746400000|  0%| F|  |TAMS 0x0000000746300000, 0x0000000746300000| Untracked 
|  88|0x0000000746400000, 0x0000000746400000, 0x0000000746500000|  0%| F|  |TAMS 0x0000000746400000, 0x0000000746400000| Untracked 
|  89|0x0000000746500000, 0x0000000746500000, 0x0000000746600000|  0%| F|  |TAMS 0x0000000746500000, 0x0000000746500000| Untracked 
|  90|0x0000000746600000, 0x0000000746600000, 0x0000000746700000|  0%| F|  |TAMS 0x0000000746600000, 0x0000000746600000| Untracked 
|  91|0x0000000746700000, 0x0000000746700000, 0x0000000746800000|  0%| F|  |TAMS 0x0000000746700000, 0x0000000746700000| Untracked 
|  92|0x0000000746800000, 0x0000000746800000, 0x0000000746900000|  0%| F|  |TAMS 0x0000000746800000, 0x0000000746800000| Untracked 
|  93|0x0000000746900000, 0x0000000746900000, 0x0000000746a00000|  0%| F|  |TAMS 0x0000000746900000, 0x0000000746900000| Untracked 
|  94|0x0000000746a00000, 0x0000000746a00000, 0x0000000746b00000|  0%| F|  |TAMS 0x0000000746a00000, 0x0000000746a00000| Untracked 
|  95|0x0000000746b00000, 0x0000000746b00000, 0x0000000746c00000|  0%| F|  |TAMS 0x0000000746b00000, 0x0000000746b00000| Untracked 
|  96|0x0000000746c00000, 0x0000000746c00000, 0x0000000746d00000|  0%| F|  |TAMS 0x0000000746c00000, 0x0000000746c00000| Untracked 
|  97|0x0000000746d00000, 0x0000000746d00000, 0x0000000746e00000|  0%| F|  |TAMS 0x0000000746d00000, 0x0000000746d00000| Untracked 
|  98|0x0000000746e00000, 0x0000000746e00000, 0x0000000746f00000|  0%| F|  |TAMS 0x0000000746e00000, 0x0000000746e00000| Untracked 
|  99|0x0000000746f00000, 0x0000000746f00000, 0x0000000747000000|  0%| F|  |TAMS 0x0000000746f00000, 0x0000000746f00000| Untracked 
| 100|0x0000000747000000, 0x0000000747000000, 0x0000000747100000|  0%| F|  |TAMS 0x0000000747000000, 0x0000000747000000| Untracked 
| 101|0x0000000747100000, 0x0000000747100000, 0x0000000747200000|  0%| F|  |TAMS 0x0000000747100000, 0x0000000747100000| Untracked 
| 102|0x0000000747200000, 0x0000000747200000, 0x0000000747300000|  0%| F|  |TAMS 0x0000000747200000, 0x0000000747200000| Untracked 
| 103|0x0000000747300000, 0x0000000747300000, 0x0000000747400000|  0%| F|  |TAMS 0x0000000747300000, 0x0000000747300000| Untracked 
| 104|0x0000000747400000, 0x0000000747400000, 0x0000000747500000|  0%| F|  |TAMS 0x0000000747400000, 0x0000000747400000| Untracked 
| 105|0x0000000747500000, 0x0000000747500000, 0x0000000747600000|  0%| F|  |TAMS 0x0000000747500000, 0x0000000747500000| Untracked 
| 106|0x0000000747600000, 0x0000000747600000, 0x0000000747700000|  0%| F|  |TAMS 0x0000000747600000, 0x0000000747600000| Untracked 
| 107|0x0000000747700000, 0x0000000747700000, 0x0000000747800000|  0%| F|  |TAMS 0x0000000747700000, 0x0000000747700000| Untracked 
| 108|0x0000000747800000, 0x0000000747800000, 0x0000000747900000|  0%| F|  |TAMS 0x0000000747800000, 0x0000000747800000| Untracked 
| 109|0x0000000747900000, 0x0000000747900000, 0x0000000747a00000|  0%| F|  |TAMS 0x0000000747900000, 0x0000000747900000| Untracked 
| 110|0x0000000747a00000, 0x0000000747a00000, 0x0000000747b00000|  0%| F|  |TAMS 0x0000000747a00000, 0x0000000747a00000| Untracked 
| 111|0x0000000747b00000, 0x0000000747b00000, 0x0000000747c00000|  0%| F|  |TAMS 0x0000000747b00000, 0x0000000747b00000| Untracked 
| 112|0x0000000747c00000, 0x0000000747c00000, 0x0000000747d00000|  0%| F|  |TAMS 0x0000000747c00000, 0x0000000747c00000| Untracked 
| 113|0x0000000747d00000, 0x0000000747d00000, 0x0000000747e00000|  0%| F|  |TAMS 0x0000000747d00000, 0x0000000747d00000| Untracked 
| 114|0x0000000747e00000, 0x0000000747e00000, 0x0000000747f00000|  0%| F|  |TAMS 0x0000000747e00000, 0x0000000747e00000| Untracked 
| 115|0x0000000747f00000, 0x0000000747f00000, 0x0000000748000000|  0%| F|  |TAMS 0x0000000747f00000, 0x0000000747f00000| Untracked 
| 116|0x0000000748000000, 0x0000000748000000, 0x0000000748100000|  0%| F|  |TAMS 0x0000000748000000, 0x0000000748000000| Untracked 
| 117|0x0000000748100000, 0x0000000748100000, 0x0000000748200000|  0%| F|  |TAMS 0x0000000748100000, 0x0000000748100000| Untracked 
| 118|0x0000000748200000, 0x0000000748200000, 0x0000000748300000|  0%| F|  |TAMS 0x0000000748200000, 0x0000000748200000| Untracked 
| 119|0x0000000748300000, 0x0000000748300000, 0x0000000748400000|  0%| F|  |TAMS 0x0000000748300000, 0x0000000748300000| Untracked 
| 120|0x0000000748400000, 0x0000000748400000, 0x0000000748500000|  0%| F|  |TAMS 0x0000000748400000, 0x0000000748400000| Untracked 
| 121|0x0000000748500000, 0x0000000748500000, 0x0000000748600000|  0%| F|  |TAMS 0x0000000748500000, 0x0000000748500000| Untracked 
| 122|0x0000000748600000, 0x0000000748600000, 0x0000000748700000|  0%| F|  |TAMS 0x0000000748600000, 0x0000000748600000| Untracked 
| 123|0x0000000748700000, 0x0000000748700000, 0x0000000748800000|  0%| F|  |TAMS 0x0000000748700000, 0x0000000748700000| Untracked 
| 124|0x0000000748800000, 0x0000000748800000, 0x0000000748900000|  0%| F|  |TAMS 0x0000000748800000, 0x0000000748800000| Untracked 
| 125|0x0000000748900000, 0x0000000748900000, 0x0000000748a00000|  0%| F|  |TAMS 0x0000000748900000, 0x0000000748900000| Untracked 
| 126|0x0000000748a00000, 0x0000000748a00000, 0x0000000748b00000|  0%| F|  |TAMS 0x0000000748a00000, 0x0000000748a00000| Untracked 
| 127|0x0000000748b00000, 0x0000000748b00000, 0x0000000748c00000|  0%| F|  |TAMS 0x0000000748b00000, 0x0000000748b00000| Untracked 
| 128|0x0000000748c00000, 0x0000000748c00000, 0x0000000748d00000|  0%| F|  |TAMS 0x0000000748c00000, 0x0000000748c00000| Untracked 
| 129|0x0000000748d00000, 0x0000000748d00000, 0x0000000748e00000|  0%| F|  |TAMS 0x0000000748d00000, 0x0000000748d00000| Untracked 
| 130|0x0000000748e00000, 0x0000000748e00000, 0x0000000748f00000|  0%| F|  |TAMS 0x0000000748e00000, 0x0000000748e00000| Untracked 
| 131|0x0000000748f00000, 0x0000000748f00000, 0x0000000749000000|  0%| F|  |TAMS 0x0000000748f00000, 0x0000000748f00000| Untracked 
| 132|0x0000000749000000, 0x0000000749000000, 0x0000000749100000|  0%| F|  |TAMS 0x0000000749000000, 0x0000000749000000| Untracked 
| 133|0x0000000749100000, 0x0000000749100000, 0x0000000749200000|  0%| F|  |TAMS 0x0000000749100000, 0x0000000749100000| Untracked 
| 134|0x0000000749200000, 0x0000000749200000, 0x0000000749300000|  0%| F|  |TAMS 0x0000000749200000, 0x0000000749200000| Untracked 
| 135|0x0000000749300000, 0x0000000749300000, 0x0000000749400000|  0%| F|  |TAMS 0x0000000749300000, 0x0000000749300000| Untracked 
| 136|0x0000000749400000, 0x0000000749400000, 0x0000000749500000|  0%| F|  |TAMS 0x0000000749400000, 0x0000000749400000| Untracked 
| 137|0x0000000749500000, 0x0000000749500000, 0x0000000749600000|  0%| F|  |TAMS 0x0000000749500000, 0x0000000749500000| Untracked 
| 138|0x0000000749600000, 0x0000000749600000, 0x0000000749700000|  0%| F|  |TAMS 0x0000000749600000, 0x0000000749600000| Untracked 
| 139|0x0000000749700000, 0x0000000749700000, 0x0000000749800000|  0%| F|  |TAMS 0x0000000749700000, 0x0000000749700000| Untracked 
| 140|0x0000000749800000, 0x0000000749800000, 0x0000000749900000|  0%| F|  |TAMS 0x0000000749800000, 0x0000000749800000| Untracked 
| 141|0x0000000749900000, 0x0000000749900000, 0x0000000749a00000|  0%| F|  |TAMS 0x0000000749900000, 0x0000000749900000| Untracked 
| 142|0x0000000749a00000, 0x0000000749a00000, 0x0000000749b00000|  0%| F|  |TAMS 0x0000000749a00000, 0x0000000749a00000| Untracked 
| 143|0x0000000749b00000, 0x0000000749b00000, 0x0000000749c00000|  0%| F|  |TAMS 0x0000000749b00000, 0x0000000749b00000| Untracked 
| 144|0x0000000749c00000, 0x0000000749c00000, 0x0000000749d00000|  0%| F|  |TAMS 0x0000000749c00000, 0x0000000749c00000| Untracked 
| 145|0x0000000749d00000, 0x0000000749d00000, 0x0000000749e00000|  0%| F|  |TAMS 0x0000000749d00000, 0x0000000749d00000| Untracked 
| 146|0x0000000749e00000, 0x0000000749e00000, 0x0000000749f00000|  0%| F|  |TAMS 0x0000000749e00000, 0x0000000749e00000| Untracked 
| 147|0x0000000749f00000, 0x0000000749f00000, 0x000000074a000000|  0%| F|  |TAMS 0x0000000749f00000, 0x0000000749f00000| Untracked 
| 148|0x000000074a000000, 0x000000074a000000, 0x000000074a100000|  0%| F|  |TAMS 0x000000074a000000, 0x000000074a000000| Untracked 
| 149|0x000000074a100000, 0x000000074a100000, 0x000000074a200000|  0%| F|  |TAMS 0x000000074a100000, 0x000000074a100000| Untracked 
| 150|0x000000074a200000, 0x000000074a200000, 0x000000074a300000|  0%| F|  |TAMS 0x000000074a200000, 0x000000074a200000| Untracked 
| 151|0x000000074a300000, 0x000000074a300000, 0x000000074a400000|  0%| F|  |TAMS 0x000000074a300000, 0x000000074a300000| Untracked 
| 152|0x000000074a400000, 0x000000074a400000, 0x000000074a500000|  0%| F|  |TAMS 0x000000074a400000, 0x000000074a400000| Untracked 
| 153|0x000000074a500000, 0x000000074a500000, 0x000000074a600000|  0%| F|  |TAMS 0x000000074a500000, 0x000000074a500000| Untracked 
| 154|0x000000074a600000, 0x000000074a600000, 0x000000074a700000|  0%| F|  |TAMS 0x000000074a600000, 0x000000074a600000| Untracked 
| 155|0x000000074a700000, 0x000000074a77f230, 0x000000074a800000| 49%| S|CS|TAMS 0x000000074a700000, 0x000000074a700000| Complete 
| 156|0x000000074a800000, 0x000000074a900000, 0x000000074a900000|100%| S|CS|TAMS 0x000000074a800000, 0x000000074a800000| Complete 
| 157|0x000000074a900000, 0x000000074aa00000, 0x000000074aa00000|100%| S|CS|TAMS 0x000000074a900000, 0x000000074a900000| Complete 
| 158|0x000000074aa00000, 0x000000074aa00000, 0x000000074ab00000|  0%| F|  |TAMS 0x000000074aa00000, 0x000000074aa00000| Untracked 
| 159|0x000000074ab00000, 0x000000074ab00000, 0x000000074ac00000|  0%| F|  |TAMS 0x000000074ab00000, 0x000000074ab00000| Untracked 
| 160|0x000000074ac00000, 0x000000074ac00000, 0x000000074ad00000|  0%| F|  |TAMS 0x000000074ac00000, 0x000000074ac00000| Untracked 
| 161|0x000000074ad00000, 0x000000074ad00000, 0x000000074ae00000|  0%| F|  |TAMS 0x000000074ad00000, 0x000000074ad00000| Untracked 
| 162|0x000000074ae00000, 0x000000074ae00000, 0x000000074af00000|  0%| F|  |TAMS 0x000000074ae00000, 0x000000074ae00000| Untracked 
| 163|0x000000074af00000, 0x000000074af00000, 0x000000074b000000|  0%| F|  |TAMS 0x000000074af00000, 0x000000074af00000| Untracked 
| 164|0x000000074b000000, 0x000000074b000000, 0x000000074b100000|  0%| F|  |TAMS 0x000000074b000000, 0x000000074b000000| Untracked 
| 165|0x000000074b100000, 0x000000074b100000, 0x000000074b200000|  0%| F|  |TAMS 0x000000074b100000, 0x000000074b100000| Untracked 
| 166|0x000000074b200000, 0x000000074b200000, 0x000000074b300000|  0%| F|  |TAMS 0x000000074b200000, 0x000000074b200000| Untracked 
| 167|0x000000074b300000, 0x000000074b300000, 0x000000074b400000|  0%| F|  |TAMS 0x000000074b300000, 0x000000074b300000| Untracked 
| 168|0x000000074b400000, 0x000000074b400000, 0x000000074b500000|  0%| F|  |TAMS 0x000000074b400000, 0x000000074b400000| Untracked 
| 169|0x000000074b500000, 0x000000074b500000, 0x000000074b600000|  0%| F|  |TAMS 0x000000074b500000, 0x000000074b500000| Untracked 
| 170|0x000000074b600000, 0x000000074b600000, 0x000000074b700000|  0%| F|  |TAMS 0x000000074b600000, 0x000000074b600000| Untracked 
| 171|0x000000074b700000, 0x000000074b700000, 0x000000074b800000|  0%| F|  |TAMS 0x000000074b700000, 0x000000074b700000| Untracked 
| 172|0x000000074b800000, 0x000000074b800000, 0x000000074b900000|  0%| F|  |TAMS 0x000000074b800000, 0x000000074b800000| Untracked 
| 173|0x000000074b900000, 0x000000074b900000, 0x000000074ba00000|  0%| F|  |TAMS 0x000000074b900000, 0x000000074b900000| Untracked 
| 174|0x000000074ba00000, 0x000000074ba00000, 0x000000074bb00000|  0%| F|  |TAMS 0x000000074ba00000, 0x000000074ba00000| Untracked 
| 175|0x000000074bb00000, 0x000000074bb00000, 0x000000074bc00000|  0%| F|  |TAMS 0x000000074bb00000, 0x000000074bb00000| Untracked 
| 176|0x000000074bc00000, 0x000000074bc00000, 0x000000074bd00000|  0%| F|  |TAMS 0x000000074bc00000, 0x000000074bc00000| Untracked 
| 177|0x000000074bd00000, 0x000000074bd00000, 0x000000074be00000|  0%| F|  |TAMS 0x000000074bd00000, 0x000000074bd00000| Untracked 
| 178|0x000000074be00000, 0x000000074be00000, 0x000000074bf00000|  0%| F|  |TAMS 0x000000074be00000, 0x000000074be00000| Untracked 
| 179|0x000000074bf00000, 0x000000074bf00000, 0x000000074c000000|  0%| F|  |TAMS 0x000000074bf00000, 0x000000074bf00000| Untracked 
| 180|0x000000074c000000, 0x000000074c000000, 0x000000074c100000|  0%| F|  |TAMS 0x000000074c000000, 0x000000074c000000| Untracked 
| 181|0x000000074c100000, 0x000000074c100000, 0x000000074c200000|  0%| F|  |TAMS 0x000000074c100000, 0x000000074c100000| Untracked 
| 182|0x000000074c200000, 0x000000074c200000, 0x000000074c300000|  0%| F|  |TAMS 0x000000074c200000, 0x000000074c200000| Untracked 
| 183|0x000000074c300000, 0x000000074c300000, 0x000000074c400000|  0%| F|  |TAMS 0x000000074c300000, 0x000000074c300000| Untracked 
| 184|0x000000074c400000, 0x000000074c400000, 0x000000074c500000|  0%| F|  |TAMS 0x000000074c400000, 0x000000074c400000| Untracked 
| 185|0x000000074c500000, 0x000000074c500000, 0x000000074c600000|  0%| F|  |TAMS 0x000000074c500000, 0x000000074c500000| Untracked 
| 186|0x000000074c600000, 0x000000074c680800, 0x000000074c700000| 50%| E|  |TAMS 0x000000074c600000, 0x000000074c600000| Complete 
| 187|0x000000074c700000, 0x000000074c800000, 0x000000074c800000|100%| E|CS|TAMS 0x000000074c700000, 0x000000074c700000| Complete 
| 188|0x000000074c800000, 0x000000074c900000, 0x000000074c900000|100%| E|CS|TAMS 0x000000074c800000, 0x000000074c800000| Complete 
| 189|0x000000074c900000, 0x000000074ca00000, 0x000000074ca00000|100%| E|CS|TAMS 0x000000074c900000, 0x000000074c900000| Complete 
| 190|0x000000074ca00000, 0x000000074cb00000, 0x000000074cb00000|100%| E|CS|TAMS 0x000000074ca00000, 0x000000074ca00000| Complete 
| 191|0x000000074cb00000, 0x000000074cc00000, 0x000000074cc00000|100%| E|CS|TAMS 0x000000074cb00000, 0x000000074cb00000| Complete 

Card table byte_map: [0x00000243f7d30000,0x00000243f8330000] _byte_map_base: 0x00000243f432a000

Marking Bits (Prev, Next): (CMBitMap*) 0x00000243e10e22f0, (CMBitMap*) 0x00000243e10e22b8
 Prev Bits: [0x00000243fb900000, 0x00000243fe8d0000)
 Next Bits: [0x00000243f8930000, 0x00000243fb900000)

Polling page: 0x00000243def30000

Metaspace:

Usage:
  Non-class:     18.81 MB capacity,    18.40 MB ( 98%) used,   347.32 KB (  2%) free+waste,    67.13 KB ( <1%) overhead. 
      Class:      2.78 MB capacity,     2.56 MB ( 92%) used,   198.52 KB (  7%) free+waste,    33.31 KB (  1%) overhead. 
       Both:     21.59 MB capacity,    20.96 MB ( 97%) used,   545.84 KB (  2%) free+waste,   100.44 KB ( <1%) overhead. 

Virtual space:
  Non-class space:       20.00 MB reserved,      19.00 MB ( 95%) committed 
      Class space:        1.00 GB reserved,       2.88 MB ( <1%) committed 
             Both:        1.02 GB reserved,      21.88 MB (  2%) committed 

Chunk freelists:
   Non-Class:  512 bytes
       Class:  128 bytes
        Both:  640 bytes

CodeHeap 'non-profiled nmethods': size=120064Kb used=1311Kb max_used=1311Kb free=118752Kb
 bounds [0x00000243f01f0000, 0x00000243f0460000, 0x00000243f7730000]
CodeHeap 'profiled nmethods': size=120000Kb used=5138Kb max_used=5138Kb free=114861Kb
 bounds [0x00000243e8cc0000, 0x00000243e91d0000, 0x00000243f01f0000]
CodeHeap 'non-nmethods': size=5696Kb used=1195Kb max_used=1278Kb free=4501Kb
 bounds [0x00000243e8730000, 0x00000243e89a0000, 0x00000243e8cc0000]
 total_blobs=3046 nmethods=2634 adapters=331
 compilation: enabled
              stopped_count=0, restarted_count=0
 full_count=0

Compilation events (10 events):
Event: 3.595 Thread 0x00000243ff691000 nmethod 2640 0x00000243e91ba590 code [0x00000243e91baa60, 0x00000243e91bcce8]
Event: 3.609 Thread 0x00000243ff68c800 nmethod 2634% 0x00000243f0333b10 code [0x00000243f0333ce0, 0x00000243f0335308]
Event: 3.609 Thread 0x00000243ff68c800 2635       4       java.util.LinkedHashMap::newNode (23 bytes)
Event: 3.614 Thread 0x00000243ff68c800 nmethod 2635 0x00000243f0335c10 code [0x00000243f0335da0, 0x00000243f03363f8]
Event: 3.614 Thread 0x00000243ff68c800 2636       4       java.lang.String::getChars (54 bytes)
Event: 3.617 Thread 0x00000243ff68c800 nmethod 2636 0x00000243f0336510 code [0x00000243f03366a0, 0x00000243f0336a58]
Event: 196.722 Thread 0x00000243ff68c800 2641       4       org.eclipse.jdt.launching.internal.org.objectweb.asm.SymbolTable::addConstantNameAndType (28 bytes)
Event: 196.770 Thread 0x00000243ff68c800 nmethod 2641 0x00000243f0336d10 code [0x00000243f0336ee0, 0x00000243f0337978]
Event: 1344.341 Thread 0x00000243ff691000 2642       3       org.eclipse.jdt.launching.internal.org.objectweb.asm.SymbolTable::<init> (536 bytes)
Event: 1344.365 Thread 0x00000243ff691000 nmethod 2642 0x00000243e91bd990 code [0x00000243e91be100, 0x00000243e91c2618]

GC Heap History (10 events):
Event: 0.724 GC heap before
{Heap before GC invocations=0 (full 0):
 garbage-first heap   total 196608K, used 14336K [0x0000000740c00000, 0x0000000800000000)
  region size 1024K, 14 young (14336K), 0 survivors (0K)
 Metaspace       used 9026K, capacity 9149K, committed 9344K, reserved 1058816K
  class space    used 784K, capacity 835K, committed 896K, reserved 1048576K
}
Event: 0.732 GC heap after
{Heap after GC invocations=1 (full 0):
 garbage-first heap   total 196608K, used 8127K [0x0000000740c00000, 0x0000000800000000)
  region size 1024K, 2 young (2048K), 2 survivors (2048K)
 Metaspace       used 9026K, capacity 9149K, committed 9344K, reserved 1058816K
  class space    used 784K, capacity 835K, committed 896K, reserved 1048576K
}
Event: 0.937 GC heap before
{Heap before GC invocations=1 (full 0):
 garbage-first heap   total 196608K, used 19391K [0x0000000740c00000, 0x0000000800000000)
  region size 1024K, 13 young (13312K), 2 survivors (2048K)
 Metaspace       used 10949K, capacity 11164K, committed 11392K, reserved 1058816K
  class space    used 1001K, capacity 1085K, committed 1152K, reserved 1048576K
}
Event: 0.940 GC heap after
{Heap after GC invocations=2 (full 0):
 garbage-first heap   total 196608K, used 8318K [0x0000000740c00000, 0x0000000800000000)
  region size 1024K, 1 young (1024K), 1 survivors (1024K)
 Metaspace       used 10949K, capacity 11164K, committed 11392K, reserved 1058816K
  class space    used 1001K, capacity 1085K, committed 1152K, reserved 1048576K
}
Event: 1.342 GC heap before
{Heap before GC invocations=2 (full 0):
 garbage-first heap   total 196608K, used 36990K [0x0000000740c00000, 0x0000000800000000)
  region size 1024K, 29 young (29696K), 1 survivors (1024K)
 Metaspace       used 14163K, capacity 14724K, committed 14976K, reserved 1062912K
  class space    used 1438K, capacity 1639K, committed 1664K, reserved 1048576K
}
Event: 1.345 GC heap after
{Heap after GC invocations=3 (full 0):
 garbage-first heap   total 196608K, used 9026K [0x0000000740c00000, 0x0000000800000000)
  region size 1024K, 2 young (2048K), 2 survivors (2048K)
 Metaspace       used 14163K, capacity 14724K, committed 14976K, reserved 1062912K
  class space    used 1438K, capacity 1639K, committed 1664K, reserved 1048576K
}
Event: 2.019 GC heap before
{Heap before GC invocations=3 (full 0):
 garbage-first heap   total 196608K, used 58178K [0x0000000740c00000, 0x0000000800000000)
  region size 1024K, 50 young (51200K), 2 survivors (2048K)
 Metaspace       used 18208K, capacity 18861K, committed 19072K, reserved 1067008K
  class space    used 2156K, capacity 2378K, committed 2432K, reserved 1048576K
}
Event: 2.023 GC heap after
{Heap after GC invocations=4 (full 0):
 garbage-first heap   total 196608K, used 9917K [0x0000000740c00000, 0x0000000800000000)
  region size 1024K, 2 young (2048K), 2 survivors (2048K)
 Metaspace       used 18208K, capacity 18861K, committed 19072K, reserved 1067008K
  class space    used 2156K, capacity 2378K, committed 2432K, reserved 1048576K
}
Event: 2.725 GC heap before
{Heap before GC invocations=4 (full 0):
 garbage-first heap   total 196608K, used 43709K [0x0000000740c00000, 0x0000000800000000)
  region size 1024K, 36 young (36864K), 2 survivors (2048K)
 Metaspace       used 20505K, capacity 21114K, committed 21248K, reserved 1067008K
  class space    used 2505K, capacity 2729K, committed 2816K, reserved 1048576K
}
Event: 2.729 GC heap after
{Heap after GC invocations=5 (full 0):
 garbage-first heap   total 196608K, used 10433K [0x0000000740c00000, 0x0000000800000000)
  region size 1024K, 3 young (3072K), 3 survivors (3072K)
 Metaspace       used 20505K, capacity 21114K, committed 21248K, reserved 1067008K
  class space    used 2505K, capacity 2729K, committed 2816K, reserved 1048576K
}

Deoptimization events (10 events):
Event: 1.141 Thread 0x00000243e1090800 Uncommon trap: reason=class_check action=maybe_recompile pc=0x00000243f025d3c4 method=java.util.HashMap.putVal(ILjava/lang/Object;Ljava/lang/Object;ZZ)Ljava/lang/Object; @ 253 c2
Event: 1.143 Thread 0x00000243e1090800 Uncommon trap: reason=class_check action=maybe_recompile pc=0x00000243f025d3c4 method=java.util.HashMap.putVal(ILjava/lang/Object;Ljava/lang/Object;ZZ)Ljava/lang/Object; @ 253 c2
Event: 1.148 Thread 0x00000243e1090800 Uncommon trap: reason=class_check action=maybe_recompile pc=0x00000243f025d3c4 method=java.util.HashMap.putVal(ILjava/lang/Object;Ljava/lang/Object;ZZ)Ljava/lang/Object; @ 253 c2
Event: 1.364 Thread 0x00000243e1090800 Uncommon trap: reason=unstable_if action=reinterpret pc=0x00000243f021f170 method=java.lang.String.startsWith(Ljava/lang/String;I)Z @ 14 c2
Event: 1.399 Thread 0x00000243e1090800 Uncommon trap: reason=unstable_if action=reinterpret pc=0x00000243f0204cc4 method=java.lang.CharacterData.of(I)Ljava/lang/CharacterData; @ 4 c2
Event: 1.488 Thread 0x00000243e1090800 Uncommon trap: reason=unstable_if action=reinterpret pc=0x00000243f026ee10 method=java.util.concurrent.ConcurrentHashMap.get(Ljava/lang/Object;)Ljava/lang/Object; @ 76 c2
Event: 1.760 Thread 0x00000243e1090800 Uncommon trap: reason=unstable_if action=reinterpret pc=0x00000243f0264c18 method=sun.reflect.generics.parser.SignatureParser.current()C @ 39 c2
Event: 2.814 Thread 0x00000243e1090800 Uncommon trap: reason=unstable_if action=reinterpret pc=0x00000243f030d2c0 method=org.eclipse.jdt.launching.internal.org.objectweb.asm.SymbolTable.<init>(Lorg/eclipse/jdt/launching/internal/org/objectweb/asm/ClassWriter;Lorg/eclipse/jdt/launching/internal
Event: 2.928 Thread 0x00000243e1090800 Uncommon trap: reason=unstable_if action=reinterpret pc=0x00000243f0256690 method=java.io.WinNTFileSystem.normalize(Ljava/lang/String;)Ljava/lang/String; @ 128 c2
Event: 3.567 Thread 0x00000243ff675800 Uncommon trap: reason=unstable_if action=reinterpret pc=0x00000243f029551c method=java.util.concurrent.ConcurrentHashMap.putVal(Ljava/lang/Object;Ljava/lang/Object;Z)Ljava/lang/Object; @ 148 c2

Classes redefined (9 events):
Event: 196.737 Thread 0x00000243fedf5800 redefined class name=com.management.gym.controller.StudentControllerTest, count=1
Event: 245.990 Thread 0x00000243fedf5800 redefined class name=com.management.gym.controller.StudentControllerTest, count=2
Event: 315.067 Thread 0x00000243fedf5800 redefined class name=com.management.gym.controller.StudentControllerTest, count=3
Event: 1344.358 Thread 0x00000243fedf5800 redefined class name=com.management.gym.controller.StudentControllerTest, count=4
Event: 1993.080 Thread 0x00000243fedf5800 redefined class name=com.management.gym.controller.StudentControllerTest, count=5
Event: 2051.825 Thread 0x00000243fedf5800 redefined class name=com.management.gym.controller.StudentControllerTest, count=6
Event: 2151.308 Thread 0x00000243fedf5800 redefined class name=com.management.gym.controller.StudentControllerTest, count=7
Event: 2231.373 Thread 0x00000243fedf5800 redefined class name=com.management.gym.controller.StudentControllerTest, count=8
Event: 2285.669 Thread 0x00000243fedf5800 redefined class name=com.management.gym.controller.StudentControllerTest, count=9

Internal exceptions (10 events):
Event: 1.375 Thread 0x00000243e1090800 Exception <a 'java/lang/NoSuchMethodError'{0x000000074c958d18}: java.lang.invoke.DirectMethodHandle$Holder.invokeInterface(Ljava/lang/Object;Ljava/lang/Object;Ljava/lang/Object;Ljava/lang/Object;Ljava/lang/Object;)Ljava/lang/Object;> (0x000000074c958d18) 
Event: 1.375 Thread 0x00000243e1090800 Exception <a 'java/lang/IncompatibleClassChangeError'{0x000000074c95c470}: Found class java.lang.Object, but interface was expected> (0x000000074c95c470) thrown at [./open/src/hotspot/share/interpreter/linkResolver.cpp, line 838]
Event: 1.383 Thread 0x00000243e1090800 Exception <a 'java/lang/NoSuchMethodError'{0x000000074c8092c0}: java.lang.invoke.DirectMethodHandle$Holder.invokeInterface(Ljava/lang/Object;Ljava/lang/Object;)I> (0x000000074c8092c0) thrown at [./open/src/hotspot/share/interpreter/linkResolver.cpp, line 
Event: 1.390 Thread 0x00000243e1090800 Exception <a 'java/lang/IncompatibleClassChangeError'{0x000000074c849790}: Found class java.lang.Object, but interface was expected> (0x000000074c849790) thrown at [./open/src/hotspot/share/interpreter/linkResolver.cpp, line 838]
Event: 1.498 Thread 0x00000243e1090800 Exception <a 'java/lang/NoSuchMethodError'{0x000000074c08d5e8}: java.lang.invoke.DirectMethodHandle$Holder.invokeStaticInit(Ljava/lang/Object;Ljava/lang/Object;Ljava/lang/Object;Ljava/lang/Object;)I> (0x000000074c08d5e8) thrown at [./open/src/hotspot/shar
Event: 1.499 Thread 0x00000243e1090800 Exception <a 'java/lang/IncompatibleClassChangeError'{0x000000074c096558}: Found class java.lang.Object, but interface was expected> (0x000000074c096558) thrown at [./open/src/hotspot/share/interpreter/linkResolver.cpp, line 838]
Event: 1.499 Thread 0x00000243e1090800 Exception <a 'java/lang/NoSuchMethodError'{0x000000074c099be0}: java.lang.invoke.DirectMethodHandle$Holder.invokeStaticInit(Ljava/lang/Object;Ljava/lang/Object;)V> (0x000000074c099be0) thrown at [./open/src/hotspot/share/interpreter/linkResolver.cpp, line
Event: 1.916 Thread 0x00000243e1090800 Exception <a 'java/lang/ClassNotFoundException'{0x000000074a119b90}: java/lang/ClassLoader$ByteBuddyAccessor$V1> (0x000000074a119b90) thrown at [./open/src/hotspot/share/classfile/systemDictionary.cpp, line 226]
Event: 2.839 Thread 0x00000243e1090800 Exception <a 'java/lang/NoSuchMethodError'{0x000000074c89e568}: java.lang.invoke.DirectMethodHandle$Holder.invokeStaticInit(Ljava/lang/Object;IIII)Ljava/lang/Object;> (0x000000074c89e568) thrown at [./open/src/hotspot/share/interpreter/linkResolver.cpp, l
Event: 2.931 Thread 0x00000243e1090800 Exception <a 'java/lang/NoSuchMethodError'{0x000000074c8c5b30}: java.lang.invoke.DirectMethodHandle$Holder.invokeStaticInit(Ljava/lang/Object;Ljava/lang/Object;IIII)Ljava/lang/Object;> (0x000000074c8c5b30) thrown at [./open/src/hotspot/share/interpreter/l

Events (10 events):
Event: 2285.709 Executing VM operation: GetStackTrace done
Event: 2285.834 Executing VM operation: GetFrameCount
Event: 2285.834 Executing VM operation: GetFrameCount done
Event: 2285.834 Executing VM operation: GetOwnedMonitorInfo
Event: 2285.834 Executing VM operation: GetOwnedMonitorInfo done
Event: 2285.835 Executing VM operation: GetCurrentContendedMonitor
Event: 2285.835 Executing VM operation: GetCurrentContendedMonitor done
Event: 2285.845 Executing VM operation: GetFrameLocation
Event: 2285.845 Executing VM operation: GetFrameLocation done
Event: 2285.845 Executing VM operation: GetOrSetLocal


Dynamic libraries:
0x00007ff6ec030000 - 0x00007ff6ec03f000 	C:\Program Files\Java\jdk-11.0.15\bin\javaw.exe
0x00007ffd21370000 - 0x00007ffd21568000 	C:\WINDOWS\SYSTEM32\ntdll.dll
0x00007ffd1ff30000 - 0x00007ffd1ffed000 	C:\WINDOWS\System32\KERNEL32.DLL
0x00007ffd1ed20000 - 0x00007ffd1efee000 	C:\WINDOWS\System32\KERNELBASE.dll
0x00007ffd1f020000 - 0x00007ffd1f120000 	C:\WINDOWS\System32\ucrtbase.dll
0x00007ffd13030000 - 0x00007ffd13045000 	C:\Program Files\Java\jdk-11.0.15\bin\VCRUNTIME140.dll
0x00007ffd12fa0000 - 0x00007ffd12fb8000 	C:\Program Files\Java\jdk-11.0.15\bin\jli.dll
0x00007ffd20a60000 - 0x00007ffd20b0e000 	C:\WINDOWS\System32\ADVAPI32.dll
0x00007ffd20890000 - 0x00007ffd2092e000 	C:\WINDOWS\System32\msvcrt.dll
0x00007ffd1fb40000 - 0x00007ffd1fbdc000 	C:\WINDOWS\System32\sechost.dll
0x00007ffd20760000 - 0x00007ffd20885000 	C:\WINDOWS\System32\RPCRT4.dll
0x00007ffd20350000 - 0x00007ffd204f0000 	C:\WINDOWS\System32\USER32.dll
0x00007ffd1ec60000 - 0x00007ffd1ec82000 	C:\WINDOWS\System32\win32u.dll
0x00007ffd1fae0000 - 0x00007ffd1fb0a000 	C:\WINDOWS\System32\GDI32.dll
0x00007ffd1f2c0000 - 0x00007ffd1f3cb000 	C:\WINDOWS\System32\gdi32full.dll
0x00007ffd1f120000 - 0x00007ffd1f1bd000 	C:\WINDOWS\System32\msvcp_win.dll
0x00007ffd0f240000 - 0x00007ffd0f4da000 	C:\WINDOWS\WinSxS\amd64_microsoft.windows.common-controls_6595b64144ccf1df_6.0.19041.1110_none_60b5254171f9507e\COMCTL32.dll
0x00007ffd17300000 - 0x00007ffd1730a000 	C:\WINDOWS\SYSTEM32\VERSION.dll
0x00007ffd205d0000 - 0x00007ffd20600000 	C:\WINDOWS\System32\IMM32.DLL
0x00007ffcfa720000 - 0x00007ffcfa7bb000 	C:\Program Files\Java\jdk-11.0.15\bin\msvcp140.dll
0x00007ffcc8180000 - 0x00007ffcc8c96000 	C:\Program Files\Java\jdk-11.0.15\bin\server\jvm.dll
0x00007ffd1fbe0000 - 0x00007ffd1fbe8000 	C:\WINDOWS\System32\PSAPI.DLL
0x00007ffd0b8e0000 - 0x00007ffd0b8e9000 	C:\WINDOWS\SYSTEM32\WSOCK32.dll
0x00007ffd166c0000 - 0x00007ffd166e7000 	C:\WINDOWS\SYSTEM32\WINMM.dll
0x00007ffd20b70000 - 0x00007ffd20bdb000 	C:\WINDOWS\System32\WS2_32.dll
0x00007ffd1c970000 - 0x00007ffd1c982000 	C:\WINDOWS\SYSTEM32\kernel.appcore.dll
0x00007ffd1c330000 - 0x00007ffd1c340000 	C:\Program Files\Java\jdk-11.0.15\bin\verify.dll
0x00007ffd12820000 - 0x00007ffd12a04000 	C:\WINDOWS\SYSTEM32\DBGHELP.DLL
0x00007ffd0b6f0000 - 0x00007ffd0b71c000 	C:\WINDOWS\SYSTEM32\dbgcore.DLL
0x00007ffd1ec90000 - 0x00007ffd1ed12000 	C:\WINDOWS\System32\bcryptPrimitives.dll
0x00007ffd12f70000 - 0x00007ffd12f98000 	C:\Program Files\Java\jdk-11.0.15\bin\java.dll
0x00007ffd13020000 - 0x00007ffd1302a000 	C:\Program Files\Java\jdk-11.0.15\bin\jimage.dll
0x00007ffd12f30000 - 0x00007ffd12f68000 	C:\Program Files\Java\jdk-11.0.15\bin\jdwp.dll
0x00007ffd12f20000 - 0x00007ffd12f2e000 	C:\Program Files\Java\jdk-11.0.15\bin\instrument.dll
0x00007ffd10100000 - 0x00007ffd10116000 	C:\Program Files\Java\jdk-11.0.15\bin\zip.dll
0x00007ffd20be0000 - 0x00007ffd21324000 	C:\WINDOWS\System32\SHELL32.dll
0x00007ffd1cb70000 - 0x00007ffd1d304000 	C:\WINDOWS\SYSTEM32\windows.storage.dll
0x00007ffd1fff0000 - 0x00007ffd20344000 	C:\WINDOWS\System32\combase.dll
0x00007ffd1e3a0000 - 0x00007ffd1e3d0000 	C:\WINDOWS\SYSTEM32\Wldp.dll
0x00007ffd1fa30000 - 0x00007ffd1fadd000 	C:\WINDOWS\System32\SHCORE.dll
0x00007ffd1fc70000 - 0x00007ffd1fcc5000 	C:\WINDOWS\System32\shlwapi.dll
0x00007ffd1e9d0000 - 0x00007ffd1e9ef000 	C:\WINDOWS\SYSTEM32\profapi.dll
0x00007ffd12f10000 - 0x00007ffd12f1a000 	C:\Program Files\Java\jdk-11.0.15\bin\dt_socket.dll
0x00007ffd1e120000 - 0x00007ffd1e18a000 	C:\WINDOWS\System32\mswsock.dll
0x00007ffd1de70000 - 0x00007ffd1df3a000 	C:\WINDOWS\SYSTEM32\DNSAPI.dll
0x00007ffd1de30000 - 0x00007ffd1de6b000 	C:\WINDOWS\SYSTEM32\IPHLPAPI.DLL
0x00007ffd1f840000 - 0x00007ffd1f848000 	C:\WINDOWS\System32\NSI.dll
0x00007ffd15710000 - 0x00007ffd15790000 	C:\WINDOWS\System32\fwpuclnt.dll
0x00007ffd1eff0000 - 0x00007ffd1f017000 	C:\WINDOWS\System32\bcrypt.dll
0x00007ffd14eb0000 - 0x00007ffd14eba000 	C:\Windows\System32\rasadhlp.dll
0x00007ffd0ec40000 - 0x00007ffd0ec59000 	C:\Program Files\Java\jdk-11.0.15\bin\net.dll
0x00007ffd101a0000 - 0x00007ffd102aa000 	C:\WINDOWS\SYSTEM32\WINHTTP.dll
0x00007ffd0ebe0000 - 0x00007ffd0ebf2000 	C:\Program Files\Java\jdk-11.0.15\bin\nio.dll
0x00007ffd1e3e0000 - 0x00007ffd1e3f8000 	C:\WINDOWS\SYSTEM32\CRYPTSP.dll
0x00007ffd1dac0000 - 0x00007ffd1daf4000 	C:\WINDOWS\system32\rsaenh.dll
0x00007ffd1e950000 - 0x00007ffd1e97e000 	C:\WINDOWS\SYSTEM32\USERENV.dll
0x00007ffd1e2b0000 - 0x00007ffd1e2bc000 	C:\WINDOWS\SYSTEM32\CRYPTBASE.dll
0x00007ffd17480000 - 0x00007ffd17497000 	C:\WINDOWS\SYSTEM32\dhcpcsvc6.DLL
0x00007ffd17290000 - 0x00007ffd172ad000 	C:\WINDOWS\SYSTEM32\dhcpcsvc.DLL

dbghelp: loaded successfully - version: 4.0.5 - missing functions: none
symbol engine: initialized successfully - sym options: 0x614 - pdb path: .;C:\Program Files\Java\jdk-11.0.15\bin;C:\WINDOWS\SYSTEM32;C:\WINDOWS\WinSxS\amd64_microsoft.windows.common-controls_6595b64144ccf1df_6.0.19041.1110_none_60b5254171f9507e;C:\Program Files\Java\jdk-11.0.15\bin\server

VM Arguments:
jvm_args: -agentlib:jdwp=transport=dt_socket,suspend=y,address=localhost:57894 -ea -javaagent:C:\SpringTollSuite\configuration\org.eclipse.osgi\252\0\.cp\lib\javaagent-shaded.jar -Dfile.encoding=UTF-8 
java_command: org.eclipse.jdt.internal.junit.runner.RemoteTestRunner -version 3 -port 57893 -testLoaderClass org.eclipse.jdt.internal.junit5.runner.JUnit5TestLoader -loaderpluginname org.eclipse.jdt.junit5.runtime -test com.management.gym.controller.StudentControllerTest:testListsAllStudents
java_class_path (initial): C:\Users\AProgrammer\Documents\WKS-TEMP\management-gym\target\test-classes;C:\Users\AProgrammer\Documents\WKS-TEMP\management-gym\target\classes;C:\Users\AProgrammer\.m2\repository\org\springframework\boot\spring-boot-starter-data-jpa\2.7.1\spring-boot-starter-data-jpa-2.7.1.jar;C:\Users\AProgrammer\.m2\repository\org\springframework\boot\spring-boot-starter-aop\2.7.1\spring-boot-starter-aop-2.7.1.jar;C:\Users\AProgrammer\.m2\repository\org\springframework\spring-aop\5.3.21\spring-aop-5.3.21.jar;C:\Users\AProgrammer\.m2\repository\org\aspectj\aspectjweaver\1.9.7\aspectjweaver-1.9.7.jar;C:\Users\AProgrammer\.m2\repository\org\springframework\boot\spring-boot-starter-jdbc\2.7.1\spring-boot-starter-jdbc-2.7.1.jar;C:\Users\AProgrammer\.m2\repository\com\zaxxer\HikariCP\4.0.3\HikariCP-4.0.3.jar;C:\Users\AProgrammer\.m2\repository\org\springframework\spring-jdbc\5.3.21\spring-jdbc-5.3.21.jar;C:\Users\AProgrammer\.m2\repository\jakarta\transaction\jakarta.transaction-api\1.3.3\jakarta.transaction-api-1.3.3.jar;C:\Users\AProgrammer\.m2\repository\jakarta\persistence\jakarta.persistence-api\2.2.3\jakarta.persistence-api-2.2.3.jar;C:\Users\AProgrammer\.m2\repository\org\hibernate\hibernate-core\5.6.9.Final\hibernate-core-5.6.9.Final.jar;C:\Users\AProgrammer\.m2\repository\org\jboss\logging\jboss-logging\3.4.3.Final\jboss-logging-3.4.3.Final.jar;C:\Users\AProgrammer\.m2\repository\net\bytebuddy\byte-buddy\1.12.11\byte-buddy-1.12.11.jar;C:\Users\AProgrammer\.m2\repository\antlr\antlr\2.7.7\antlr-2.7.7.jar;C:\Users\AProgrammer\.m2\repository\org\jboss\jandex\2.4.2.Final\jandex-2.4.2.Final.jar;C:\Users\AProgrammer\.m2\repository\com\fasterxml\classmate\1.5.1\classmate-1.5.1.jar;C:\Users\AProgrammer\.m2\repository\org\hibernate\common\hibernate-commons-annotations\5.1.2.Final\hibernate-commons-annotations-5.1.2.Final.jar;C:\Users\AProgrammer\.m2\repository\org\glassfish\jaxb\jaxb-runtime\2.3.6\jaxb-runtime-2.3.6.jar;C:\Users\AProgrammer\.m2\repository\
Launcher Type: SUN_STANDARD

[Global flags]
     intx CICompilerCount                          = 3                                         {product} {ergonomic}
     uint ConcGCThreads                            = 1                                         {product} {ergonomic}
     uint G1ConcRefinementThreads                  = 4                                         {product} {ergonomic}
   size_t G1HeapRegionSize                         = 1048576                                   {product} {ergonomic}
    uintx GCDrainStackTargetSize                   = 64                                        {product} {ergonomic}
   size_t InitialHeapSize                          = 201326592                                 {product} {ergonomic}
   size_t MarkStackSize                            = 4194304                                   {product} {ergonomic}
   size_t MaxHeapSize                              = 3208642560                                {product} {ergonomic}
   size_t MaxNewSize                               = 1925185536                                {product} {ergonomic}
   size_t MinHeapDeltaBytes                        = 1048576                                   {product} {ergonomic}
    uintx NonNMethodCodeHeapSize                   = 5830732                                {pd product} {ergonomic}
    uintx NonProfiledCodeHeapSize                  = 122913754                              {pd product} {ergonomic}
    uintx ProfiledCodeHeapSize                     = 122913754                              {pd product} {ergonomic}
    uintx ReservedCodeCacheSize                    = 251658240                              {pd product} {ergonomic}
     bool SegmentedCodeCache                       = true                                      {product} {ergonomic}
     bool UseCompressedClassPointers               = true                                 {lp64_product} {ergonomic}
     bool UseCompressedOops                        = true                                 {lp64_product} {ergonomic}
     bool UseG1GC                                  = true                                      {product} {ergonomic}
     bool UseLargePagesIndividualAllocation        = false                                  {pd product} {ergonomic}

Logging:
Log output configuration:
 #0: stdout all=warning uptime,level,tags
 #1: stderr all=off uptime,level,tags

Environment Variables:
JAVA_HOME=C:\Program Files\Java\jdk1.8.0_281\
PATH=C:/SpringTollSuite//plugins/org.eclipse.justj.openjdk.hotspot.jre.full.win32.x86_64_15.0.1.v20201027-0507/jre/bin/server;C:/SpringTollSuite//plugins/org.eclipse.justj.openjdk.hotspot.jre.full.win32.x86_64_15.0.1.v20201027-0507/jre/bin;C:\Program Files\Common Files\Oracle\Java\javapath;%JAVA_HOME%\bin;C:\WINDOWS\system32;C:\WINDOWS;C:\WINDOWS\System32\Wbem;C:\WINDOWS\System32\WindowsPowerShell\v1.0\;C:\WINDOWS\System32\OpenSSH\;C:\Program Files\Git\cmd;C:\ProgramData\chocolatey\bin;;C:\ProgramData\UNIVALI\Portugol Studio;C:\Program Files\Docker\Docker\resources\bin;C:\ProgramData\DockerDesktop\version-bin;C:\Program Files\nodejs\;C:\Program Files\Java\jdk1.8.0_281\\bin;C:\Users\AProgrammer\AppData\Local\Microsoft\WindowsApps;C:\Users\AProgrammer\AppData\Local\Programs\Microsoft VS Code\bin;C:\Program Files\heroku\bin;C:\Users\AProgrammer\AppData\Roaming\npm;C:\SpringTollSuite;
USERNAME=AProgrammer
OS=Windows_NT
PROCESSOR_IDENTIFIER=Intel64 Family 6 Model 158 Stepping 9, GenuineIntel



---------------  S Y S T E M  ---------------

OS: Windows 10 , 64 bit Build 19041 (10.0.19041.1889)
Hyper-V role detected

CPU:total 4 (initial active 4) (2 cores per cpu, 2 threads per core) family 6 model 158 stepping 9 microcode 0xb4, cmov, cx8, fxsr, mmx, sse, sse2, sse3, ssse3, sse4.1, sse4.2, popcnt, aes, clmul, erms, 3dnowpref, lzcnt, ht, tsc, tscinvbit

Memory: 4k page, system-wide physical 12232M (5263M free)
TotalPageFile size 13286M (AvailPageFile size 3841M)
current process WorkingSet (physical memory assigned to process): 123M, peak: 204M
current process commit charge ("private bytes"): 297M, peak: 374M

vm_info: Java HotSpot(TM) 64-Bit Server VM (11.0.15+8-LTS-149) for windows-amd64 JRE (11.0.15+8-LTS-149), built on Mar  9 2022 22:42:32 by "mach5one" with MS VC++ 15.9 (VS2017)

END.
